[0.555s] Invoking command in '/home/rohan/dev_ws/build/turtlesim': CMAKE_PREFIX_PATH=${CMAKE_PREFIX_PATH}:/opt/ros/eloquent /usr/bin/cmake --build /home/rohan/dev_ws/build/turtlesim -- -j4 -l4
[0.721s] [  1%] Built target turtlesim__cpp
[0.733s] [ 11%] Built target turtlesim__rosidl_generator_c
[0.786s] [ 23%] Built target turtlesim__rosidl_typesupport_introspection_cpp
[0.787s] [ 31%] Built target turtlesim__rosidl_typesupport_introspection_c
[0.812s] [ 42%] Built target turtlesim__rosidl_typesupport_fastrtps_cpp
[0.881s] [ 52%] Built target turtlesim__rosidl_typesupport_cpp
[0.882s] [ 62%] Built target turtlesim__rosidl_typesupport_fastrtps_c
[0.963s] [ 73%] Built target turtlesim__rosidl_typesupport_c
[1.023s] [ 73%] Built target turtlesim
[1.148s] [ 75%] Built target turtle_teleop_key
[1.151s] [ 76%] Built target turtlesim__py
[1.201s] [ 78%] Built target draw_square
[1.201s] [ 80%] Built target mimic
[1.228s] [ 89%] Built target turtlesim__python
[1.306s] [ 91%] Built target turtlesim__rosidl_typesupport_c__pyext
[1.332s] [ 97%] Built target turtlesim_node
[1.332s] [100%] Built target turtlesim__rosidl_typesupport_fastrtps_c__pyext
[1.358s] Invoked command in '/home/rohan/dev_ws/build/turtlesim' returned '0': CMAKE_PREFIX_PATH=${CMAKE_PREFIX_PATH}:/opt/ros/eloquent /usr/bin/cmake --build /home/rohan/dev_ws/build/turtlesim -- -j4 -l4
[2.000s] Invoking command in '/home/rohan/dev_ws/build/turtlesim': CMAKE_PREFIX_PATH=${CMAKE_PREFIX_PATH}:/opt/ros/eloquent /usr/bin/cmake --build /home/rohan/dev_ws/build/turtlesim --target install -- -j4 -l4
[2.132s] [  1%] Built target turtlesim__cpp
[2.142s] [ 11%] Built target turtlesim__rosidl_generator_c
[2.199s] [ 21%] Built target turtlesim__rosidl_typesupport_fastrtps_cpp
[2.210s] [ 31%] Built target turtlesim__rosidl_typesupport_introspection_cpp
[2.229s] [ 42%] Built target turtlesim__rosidl_typesupport_introspection_c
[2.276s] [ 52%] Built target turtlesim__rosidl_typesupport_cpp
[2.290s] [ 62%] Built target turtlesim__rosidl_typesupport_fastrtps_c
[2.388s] [ 73%] Built target turtlesim__rosidl_typesupport_c
[2.449s] [ 73%] Built target turtlesim
[2.495s] [ 74%] Built target turtlesim__py
[2.524s] [ 76%] Built target draw_square
[2.555s] [ 78%] Built target mimic
[2.587s] [ 80%] Built target turtle_teleop_key
[2.588s] [ 86%] Built target turtlesim_node
[2.591s] [ 95%] Built target turtlesim__python
[2.654s] [100%] Built target turtlesim__rosidl_typesupport_fastrtps_c__pyext
[2.656s] [100%] Built target turtlesim__rosidl_typesupport_c__pyext
[2.696s] [36mInstall the project...[0m
[2.717s] -- Install configuration: ""
[2.721s] -- Up-to-date: /home/rohan/dev_ws/install/turtlesim/share/ament_index/resource_index/rosidl_interfaces/turtlesim
[2.722s] -- Up-to-date: /home/rohan/dev_ws/install/turtlesim/include/turtlesim
[2.722s] -- Up-to-date: /home/rohan/dev_ws/install/turtlesim/include/turtlesim/srv
[2.722s] -- Up-to-date: /home/rohan/dev_ws/install/turtlesim/include/turtlesim/srv/teleport_absolute__struct.hpp
[2.722s] -- Up-to-date: /home/rohan/dev_ws/install/turtlesim/include/turtlesim/srv/kill.hpp
[2.723s] -- Up-to-date: /home/rohan/dev_ws/install/turtlesim/include/turtlesim/srv/set_pen__traits.hpp
[2.723s] -- Up-to-date: /home/rohan/dev_ws/install/turtlesim/include/turtlesim/srv/spawn__traits.hpp
[2.723s] -- Up-to-date: /home/rohan/dev_ws/install/turtlesim/include/turtlesim/srv/set_pen.hpp
[2.724s] -- Up-to-date: /home/rohan/dev_ws/install/turtlesim/include/turtlesim/srv/teleport_absolute.hpp
[2.724s] -- Up-to-date: /home/rohan/dev_ws/install/turtlesim/include/turtlesim/srv/spawn__struct.hpp
[2.724s] -- Up-to-date: /home/rohan/dev_ws/install/turtlesim/include/turtlesim/srv/kill__struct.hpp
[2.725s] -- Up-to-date: /home/rohan/dev_ws/install/turtlesim/include/turtlesim/srv/teleport_relative__traits.hpp
[2.725s] -- Up-to-date: /home/rohan/dev_ws/install/turtlesim/include/turtlesim/srv/kill__traits.hpp
[2.725s] -- Up-to-date: /home/rohan/dev_ws/install/turtlesim/include/turtlesim/srv/teleport_absolute__traits.hpp
[2.725s] -- Up-to-date: /home/rohan/dev_ws/install/turtlesim/include/turtlesim/srv/teleport_relative__struct.hpp
[2.726s] -- Up-to-date: /home/rohan/dev_ws/install/turtlesim/include/turtlesim/srv/set_pen__struct.hpp
[2.726s] -- Up-to-date: /home/rohan/dev_ws/install/turtlesim/include/turtlesim/srv/spawn.hpp
[2.726s] -- Up-to-date: /home/rohan/dev_ws/install/turtlesim/include/turtlesim/srv/teleport_relative.hpp
[2.727s] -- Up-to-date: /home/rohan/dev_ws/install/turtlesim/include/turtlesim/action
[2.727s] -- Up-to-date: /home/rohan/dev_ws/install/turtlesim/include/turtlesim/action/rotate_absolute.hpp
[2.727s] -- Up-to-date: /home/rohan/dev_ws/install/turtlesim/include/turtlesim/action/rotate_absolute__struct.hpp
[2.727s] -- Up-to-date: /home/rohan/dev_ws/install/turtlesim/include/turtlesim/action/rotate_absolute__traits.hpp
[2.728s] -- Up-to-date: /home/rohan/dev_ws/install/turtlesim/include/turtlesim/msg
[2.728s] -- Up-to-date: /home/rohan/dev_ws/install/turtlesim/include/turtlesim/msg/color__struct.hpp
[2.728s] -- Up-to-date: /home/rohan/dev_ws/install/turtlesim/include/turtlesim/msg/color.hpp
[2.728s] -- Up-to-date: /home/rohan/dev_ws/install/turtlesim/include/turtlesim/msg/pose__traits.hpp
[2.728s] -- Up-to-date: /home/rohan/dev_ws/install/turtlesim/include/turtlesim/msg/pose.hpp
[2.728s] -- Up-to-date: /home/rohan/dev_ws/install/turtlesim/include/turtlesim/msg/pose__struct.hpp
[2.729s] -- Up-to-date: /home/rohan/dev_ws/install/turtlesim/include/turtlesim/msg/color__traits.hpp
[2.729s] -- Up-to-date: /home/rohan/dev_ws/install/turtlesim/include/turtlesim
[2.729s] -- Up-to-date: /home/rohan/dev_ws/install/turtlesim/include/turtlesim/srv
[2.729s] -- Up-to-date: /home/rohan/dev_ws/install/turtlesim/include/turtlesim/srv/set_pen__functions.c
[2.729s] -- Up-to-date: /home/rohan/dev_ws/install/turtlesim/include/turtlesim/srv/set_pen__functions.h
[2.729s] -- Up-to-date: /home/rohan/dev_ws/install/turtlesim/include/turtlesim/srv/teleport_absolute__type_support.h
[2.729s] -- Up-to-date: /home/rohan/dev_ws/install/turtlesim/include/turtlesim/srv/kill__functions.h
[2.729s] -- Up-to-date: /home/rohan/dev_ws/install/turtlesim/include/turtlesim/srv/teleport_relative__functions.c
[2.730s] -- Up-to-date: /home/rohan/dev_ws/install/turtlesim/include/turtlesim/srv/kill__functions.c
[2.730s] -- Up-to-date: /home/rohan/dev_ws/install/turtlesim/include/turtlesim/srv/teleport_absolute__struct.h
[2.730s] -- Up-to-date: /home/rohan/dev_ws/install/turtlesim/include/turtlesim/srv/spawn__functions.c
[2.730s] -- Up-to-date: /home/rohan/dev_ws/install/turtlesim/include/turtlesim/srv/kill__struct.h
[2.730s] -- Up-to-date: /home/rohan/dev_ws/install/turtlesim/include/turtlesim/srv/set_pen.h
[2.730s] -- Up-to-date: /home/rohan/dev_ws/install/turtlesim/include/turtlesim/srv/set_pen__type_support.h
[2.730s] -- Up-to-date: /home/rohan/dev_ws/install/turtlesim/include/turtlesim/srv/set_pen__struct.h
[2.730s] -- Up-to-date: /home/rohan/dev_ws/install/turtlesim/include/turtlesim/srv/teleport_absolute.h
[2.731s] -- Up-to-date: /home/rohan/dev_ws/install/turtlesim/include/turtlesim/srv/teleport_relative.h
[2.731s] -- Up-to-date: /home/rohan/dev_ws/install/turtlesim/include/turtlesim/srv/teleport_absolute__functions.h
[2.731s] -- Up-to-date: /home/rohan/dev_ws/install/turtlesim/include/turtlesim/srv/spawn__struct.h
[2.731s] -- Up-to-date: /home/rohan/dev_ws/install/turtlesim/include/turtlesim/srv/spawn__type_support.h
[2.731s] -- Up-to-date: /home/rohan/dev_ws/install/turtlesim/include/turtlesim/srv/teleport_relative__type_support.h
[2.731s] -- Up-to-date: /home/rohan/dev_ws/install/turtlesim/include/turtlesim/srv/teleport_absolute__functions.c
[2.731s] -- Up-to-date: /home/rohan/dev_ws/install/turtlesim/include/turtlesim/srv/kill__type_support.h
[2.732s] -- Up-to-date: /home/rohan/dev_ws/install/turtlesim/include/turtlesim/srv/spawn.h
[2.732s] -- Up-to-date: /home/rohan/dev_ws/install/turtlesim/include/turtlesim/srv/teleport_relative__functions.h
[2.732s] -- Up-to-date: /home/rohan/dev_ws/install/turtlesim/include/turtlesim/srv/teleport_relative__struct.h
[2.732s] -- Up-to-date: /home/rohan/dev_ws/install/turtlesim/include/turtlesim/srv/kill.h
[2.732s] -- Up-to-date: /home/rohan/dev_ws/install/turtlesim/include/turtlesim/srv/spawn__functions.h
[2.732s] -- Up-to-date: /home/rohan/dev_ws/install/turtlesim/include/turtlesim/action
[2.732s] -- Up-to-date: /home/rohan/dev_ws/install/turtlesim/include/turtlesim/action/rotate_absolute.h
[2.733s] -- Up-to-date: /home/rohan/dev_ws/install/turtlesim/include/turtlesim/action/rotate_absolute__functions.c
[2.733s] -- Up-to-date: /home/rohan/dev_ws/install/turtlesim/include/turtlesim/action/rotate_absolute__functions.h
[2.733s] -- Up-to-date: /home/rohan/dev_ws/install/turtlesim/include/turtlesim/action/rotate_absolute__type_support.h
[2.733s] -- Up-to-date: /home/rohan/dev_ws/install/turtlesim/include/turtlesim/action/rotate_absolute__struct.h
[2.733s] -- Up-to-date: /home/rohan/dev_ws/install/turtlesim/include/turtlesim/msg
[2.733s] -- Up-to-date: /home/rohan/dev_ws/install/turtlesim/include/turtlesim/msg/color.h
[2.733s] -- Up-to-date: /home/rohan/dev_ws/install/turtlesim/include/turtlesim/msg/color__type_support.h
[2.734s] -- Up-to-date: /home/rohan/dev_ws/install/turtlesim/include/turtlesim/msg/pose__struct.h
[2.734s] -- Up-to-date: /home/rohan/dev_ws/install/turtlesim/include/turtlesim/msg/color__functions.c
[2.734s] -- Up-to-date: /home/rohan/dev_ws/install/turtlesim/include/turtlesim/msg/rosidl_generator_c__visibility_control.h
[2.734s] -- Up-to-date: /home/rohan/dev_ws/install/turtlesim/include/turtlesim/msg/color__functions.h
[2.734s] -- Up-to-date: /home/rohan/dev_ws/install/turtlesim/include/turtlesim/msg/color__struct.h
[2.734s] -- Up-to-date: /home/rohan/dev_ws/install/turtlesim/include/turtlesim/msg/pose__functions.c
[2.734s] -- Up-to-date: /home/rohan/dev_ws/install/turtlesim/include/turtlesim/msg/pose__functions.h
[2.734s] -- Up-to-date: /home/rohan/dev_ws/install/turtlesim/include/turtlesim/msg/pose__type_support.h
[2.735s] -- Up-to-date: /home/rohan/dev_ws/install/turtlesim/include/turtlesim/msg/pose.h
[2.735s] -- Up-to-date: /home/rohan/dev_ws/install/turtlesim/share/turtlesim/environment/library_path.sh
[2.735s] -- Up-to-date: /home/rohan/dev_ws/install/turtlesim/share/turtlesim/environment/library_path.dsv
[2.735s] -- Up-to-date: /home/rohan/dev_ws/install/turtlesim/lib/libturtlesim__rosidl_generator_c.so
[2.738s] -- Up-to-date: /home/rohan/dev_ws/install/turtlesim/lib/libturtlesim__rosidl_typesupport_c.so
[2.739s] -- Up-to-date: /home/rohan/dev_ws/install/turtlesim/lib/libturtlesim__rosidl_typesupport_cpp.so
[2.740s] -- Up-to-date: /home/rohan/dev_ws/install/turtlesim/include/turtlesim
[2.740s] -- Up-to-date: /home/rohan/dev_ws/install/turtlesim/include/turtlesim/srv
[2.741s] -- Up-to-date: /home/rohan/dev_ws/install/turtlesim/include/turtlesim/srv/teleport_absolute__rosidl_typesupport_introspection_c.h
[2.741s] -- Up-to-date: /home/rohan/dev_ws/install/turtlesim/include/turtlesim/srv/kill__rosidl_typesupport_introspection_c.h
[2.741s] -- Up-to-date: /home/rohan/dev_ws/install/turtlesim/include/turtlesim/srv/spawn__type_support.c
[2.742s] -- Up-to-date: /home/rohan/dev_ws/install/turtlesim/include/turtlesim/srv/set_pen__type_support.c
[2.742s] -- Up-to-date: /home/rohan/dev_ws/install/turtlesim/include/turtlesim/srv/teleport_relative__type_support.c
[2.743s] -- Up-to-date: /home/rohan/dev_ws/install/turtlesim/include/turtlesim/srv/set_pen__rosidl_typesupport_introspection_c.h
[2.743s] -- Up-to-date: /home/rohan/dev_ws/install/turtlesim/include/turtlesim/srv/spawn__rosidl_typesupport_introspection_c.h
[2.743s] -- Up-to-date: /home/rohan/dev_ws/install/turtlesim/include/turtlesim/srv/teleport_relative__rosidl_typesupport_introspection_c.h
[2.744s] -- Up-to-date: /home/rohan/dev_ws/install/turtlesim/include/turtlesim/srv/teleport_absolute__type_support.c
[2.744s] -- Up-to-date: /home/rohan/dev_ws/install/turtlesim/include/turtlesim/srv/kill__type_support.c
[2.744s] -- Up-to-date: /home/rohan/dev_ws/install/turtlesim/include/turtlesim/action
[2.745s] -- Up-to-date: /home/rohan/dev_ws/install/turtlesim/include/turtlesim/action/rotate_absolute__type_support.c
[2.745s] -- Up-to-date: /home/rohan/dev_ws/install/turtlesim/include/turtlesim/action/rotate_absolute__rosidl_typesupport_introspection_c.h
[2.745s] -- Up-to-date: /home/rohan/dev_ws/install/turtlesim/include/turtlesim/msg
[2.745s] -- Up-to-date: /home/rohan/dev_ws/install/turtlesim/include/turtlesim/msg/rosidl_typesupport_introspection_c__visibility_control.h
[2.746s] -- Up-to-date: /home/rohan/dev_ws/install/turtlesim/include/turtlesim/msg/pose__type_support.c
[2.746s] -- Up-to-date: /home/rohan/dev_ws/install/turtlesim/include/turtlesim/msg/pose__rosidl_typesupport_introspection_c.h
[2.746s] -- Up-to-date: /home/rohan/dev_ws/install/turtlesim/include/turtlesim/msg/color__type_support.c
[2.746s] -- Up-to-date: /home/rohan/dev_ws/install/turtlesim/include/turtlesim/msg/color__rosidl_typesupport_introspection_c.h
[2.747s] -- Up-to-date: /home/rohan/dev_ws/install/turtlesim/lib/libturtlesim__rosidl_typesupport_introspection_c.so
[2.747s] -- Up-to-date: /home/rohan/dev_ws/install/turtlesim/include/turtlesim
[2.748s] -- Up-to-date: /home/rohan/dev_ws/install/turtlesim/include/turtlesim/srv
[2.748s] -- Up-to-date: /home/rohan/dev_ws/install/turtlesim/include/turtlesim/srv/spawn__type_support.cpp
[2.749s] -- Up-to-date: /home/rohan/dev_ws/install/turtlesim/include/turtlesim/srv/teleport_relative__type_support.cpp
[2.749s] -- Up-to-date: /home/rohan/dev_ws/install/turtlesim/include/turtlesim/srv/set_pen__rosidl_typesupport_introspection_cpp.hpp
[2.749s] -- Up-to-date: /home/rohan/dev_ws/install/turtlesim/include/turtlesim/srv/spawn__rosidl_typesupport_introspection_cpp.hpp
[2.750s] -- Up-to-date: /home/rohan/dev_ws/install/turtlesim/include/turtlesim/srv/teleport_absolute__rosidl_typesupport_introspection_cpp.hpp
[2.750s] -- Up-to-date: /home/rohan/dev_ws/install/turtlesim/include/turtlesim/srv/kill__type_support.cpp
[2.751s] -- Up-to-date: /home/rohan/dev_ws/install/turtlesim/include/turtlesim/srv/teleport_relative__rosidl_typesupport_introspection_cpp.hpp
[2.752s] -- Up-to-date: /home/rohan/dev_ws/install/turtlesim/include/turtlesim/srv/set_pen__type_support.cpp
[2.752s] -- Up-to-date: /home/rohan/dev_ws/install/turtlesim/include/turtlesim/srv/teleport_absolute__type_support.cpp
[2.752s] -- Up-to-date: /home/rohan/dev_ws/install/turtlesim/include/turtlesim/srv/kill__rosidl_typesupport_introspection_cpp.hpp
[2.753s] -- Up-to-date: /home/rohan/dev_ws/install/turtlesim/include/turtlesim/action
[2.754s] -- Up-to-date: /home/rohan/dev_ws/install/turtlesim/include/turtlesim/action/rotate_absolute__rosidl_typesupport_introspection_cpp.hpp
[2.754s] -- Up-to-date: /home/rohan/dev_ws/install/turtlesim/include/turtlesim/action/rotate_absolute__type_support.cpp
[2.755s] -- Up-to-date: /home/rohan/dev_ws/install/turtlesim/include/turtlesim/msg
[2.756s] -- Up-to-date: /home/rohan/dev_ws/install/turtlesim/include/turtlesim/msg/pose__type_support.cpp
[2.756s] -- Up-to-date: /home/rohan/dev_ws/install/turtlesim/include/turtlesim/msg/color__rosidl_typesupport_introspection_cpp.hpp
[2.757s] -- Up-to-date: /home/rohan/dev_ws/install/turtlesim/include/turtlesim/msg/pose__rosidl_typesupport_introspection_cpp.hpp
[2.757s] -- Up-to-date: /home/rohan/dev_ws/install/turtlesim/include/turtlesim/msg/color__type_support.cpp
[2.757s] -- Up-to-date: /home/rohan/dev_ws/install/turtlesim/lib/libturtlesim__rosidl_typesupport_introspection_cpp.so
[2.758s] -- Up-to-date: /home/rohan/dev_ws/install/turtlesim/include/turtlesim
[2.758s] -- Up-to-date: /home/rohan/dev_ws/install/turtlesim/include/turtlesim/srv
[2.758s] -- Up-to-date: /home/rohan/dev_ws/install/turtlesim/include/turtlesim/srv/spawn__rosidl_typesupport_fastrtps_c.h
[2.758s] -- Up-to-date: /home/rohan/dev_ws/install/turtlesim/include/turtlesim/srv/teleport_relative__rosidl_typesupport_fastrtps_c.h
[2.759s] -- Up-to-date: /home/rohan/dev_ws/install/turtlesim/include/turtlesim/srv/kill__rosidl_typesupport_fastrtps_c.h
[2.759s] -- Up-to-date: /home/rohan/dev_ws/install/turtlesim/include/turtlesim/srv/set_pen__rosidl_typesupport_fastrtps_c.h
[2.759s] -- Up-to-date: /home/rohan/dev_ws/install/turtlesim/include/turtlesim/srv/teleport_absolute__rosidl_typesupport_fastrtps_c.h
[2.760s] -- Up-to-date: /home/rohan/dev_ws/install/turtlesim/include/turtlesim/action
[2.760s] -- Up-to-date: /home/rohan/dev_ws/install/turtlesim/include/turtlesim/action/rotate_absolute__rosidl_typesupport_fastrtps_c.h
[2.760s] -- Up-to-date: /home/rohan/dev_ws/install/turtlesim/include/turtlesim/msg
[2.761s] -- Up-to-date: /home/rohan/dev_ws/install/turtlesim/include/turtlesim/msg/rosidl_typesupport_fastrtps_c__visibility_control.h
[2.761s] -- Up-to-date: /home/rohan/dev_ws/install/turtlesim/include/turtlesim/msg/pose__rosidl_typesupport_fastrtps_c.h
[2.761s] -- Up-to-date: /home/rohan/dev_ws/install/turtlesim/include/turtlesim/msg/color__rosidl_typesupport_fastrtps_c.h
[2.762s] -- Up-to-date: /home/rohan/dev_ws/install/turtlesim/lib/libturtlesim__rosidl_typesupport_fastrtps_c.so
[2.762s] -- Up-to-date: /home/rohan/dev_ws/install/turtlesim/include/turtlesim
[2.762s] -- Up-to-date: /home/rohan/dev_ws/install/turtlesim/include/turtlesim/srv
[2.763s] -- Up-to-date: /home/rohan/dev_ws/install/turtlesim/include/turtlesim/srv/teleport_relative__rosidl_typesupport_fastrtps_cpp.hpp
[2.763s] -- Up-to-date: /home/rohan/dev_ws/install/turtlesim/include/turtlesim/srv/spawn__rosidl_typesupport_fastrtps_cpp.hpp
[2.763s] -- Up-to-date: /home/rohan/dev_ws/install/turtlesim/include/turtlesim/srv/kill__rosidl_typesupport_fastrtps_cpp.hpp
[2.764s] -- Up-to-date: /home/rohan/dev_ws/install/turtlesim/include/turtlesim/srv/dds_fastrtps
[2.764s] -- Up-to-date: /home/rohan/dev_ws/install/turtlesim/include/turtlesim/srv/teleport_absolute__rosidl_typesupport_fastrtps_cpp.hpp
[2.764s] -- Up-to-date: /home/rohan/dev_ws/install/turtlesim/include/turtlesim/srv/set_pen__rosidl_typesupport_fastrtps_cpp.hpp
[2.765s] -- Up-to-date: /home/rohan/dev_ws/install/turtlesim/include/turtlesim/action
[2.765s] -- Up-to-date: /home/rohan/dev_ws/install/turtlesim/include/turtlesim/action/rotate_absolute__rosidl_typesupport_fastrtps_cpp.hpp
[2.765s] -- Up-to-date: /home/rohan/dev_ws/install/turtlesim/include/turtlesim/action/dds_fastrtps
[2.766s] -- Up-to-date: /home/rohan/dev_ws/install/turtlesim/include/turtlesim/msg
[2.766s] -- Up-to-date: /home/rohan/dev_ws/install/turtlesim/include/turtlesim/msg/color__rosidl_typesupport_fastrtps_cpp.hpp
[2.766s] -- Up-to-date: /home/rohan/dev_ws/install/turtlesim/include/turtlesim/msg/rosidl_typesupport_fastrtps_cpp__visibility_control.h
[2.766s] -- Up-to-date: /home/rohan/dev_ws/install/turtlesim/include/turtlesim/msg/pose__rosidl_typesupport_fastrtps_cpp.hpp
[2.767s] -- Up-to-date: /home/rohan/dev_ws/install/turtlesim/include/turtlesim/msg/dds_fastrtps
[2.767s] -- Up-to-date: /home/rohan/dev_ws/install/turtlesim/lib/libturtlesim__rosidl_typesupport_fastrtps_cpp.so
[2.767s] -- Up-to-date: /home/rohan/dev_ws/install/turtlesim/share/turtlesim/environment/pythonpath.sh
[2.767s] -- Up-to-date: /home/rohan/dev_ws/install/turtlesim/share/turtlesim/environment/pythonpath.dsv
[2.767s] -- Up-to-date: /home/rohan/dev_ws/install/turtlesim/lib/python3.6/site-packages/turtlesim/__init__.py
[2.831s] -- Up-to-date: /home/rohan/dev_ws/install/turtlesim/lib/python3.6/site-packages/turtlesim/action
[2.836s] -- Up-to-date: /home/rohan/dev_ws/install/turtlesim/lib/python3.6/site-packages/turtlesim/action/__init__.py
[2.838s] -- Up-to-date: /home/rohan/dev_ws/install/turtlesim/lib/python3.6/site-packages/turtlesim/action/_rotate_absolute_s.c
[2.839s] -- Up-to-date: /home/rohan/dev_ws/install/turtlesim/lib/python3.6/site-packages/turtlesim/action/_rotate_absolute.py
[2.839s] -- Up-to-date: /home/rohan/dev_ws/install/turtlesim/lib/python3.6/site-packages/turtlesim/msg
[2.840s] -- Up-to-date: /home/rohan/dev_ws/install/turtlesim/lib/python3.6/site-packages/turtlesim/msg/_color.py
[2.840s] -- Up-to-date: /home/rohan/dev_ws/install/turtlesim/lib/python3.6/site-packages/turtlesim/msg/_color_s.c
[2.840s] -- Up-to-date: /home/rohan/dev_ws/install/turtlesim/lib/python3.6/site-packages/turtlesim/msg/__init__.py
[2.840s] -- Up-to-date: /home/rohan/dev_ws/install/turtlesim/lib/python3.6/site-packages/turtlesim/msg/_pose.py
[2.840s] -- Up-to-date: /home/rohan/dev_ws/install/turtlesim/lib/python3.6/site-packages/turtlesim/msg/_pose_s.c
[2.841s] -- Up-to-date: /home/rohan/dev_ws/install/turtlesim/lib/python3.6/site-packages/turtlesim/srv
[2.842s] -- Up-to-date: /home/rohan/dev_ws/install/turtlesim/lib/python3.6/site-packages/turtlesim/srv/_set_pen.py
[2.842s] -- Up-to-date: /home/rohan/dev_ws/install/turtlesim/lib/python3.6/site-packages/turtlesim/srv/_teleport_relative.py
[2.842s] -- Up-to-date: /home/rohan/dev_ws/install/turtlesim/lib/python3.6/site-packages/turtlesim/srv/_set_pen_s.c
[2.842s] -- Up-to-date: /home/rohan/dev_ws/install/turtlesim/lib/python3.6/site-packages/turtlesim/srv/_teleport_absolute.py
[2.843s] -- Up-to-date: /home/rohan/dev_ws/install/turtlesim/lib/python3.6/site-packages/turtlesim/srv/_spawn.py
[2.843s] -- Up-to-date: /home/rohan/dev_ws/install/turtlesim/lib/python3.6/site-packages/turtlesim/srv/__init__.py
[2.843s] -- Up-to-date: /home/rohan/dev_ws/install/turtlesim/lib/python3.6/site-packages/turtlesim/srv/_kill_s.c
[2.844s] -- Up-to-date: /home/rohan/dev_ws/install/turtlesim/lib/python3.6/site-packages/turtlesim/srv/_teleport_absolute_s.c
[2.844s] -- Up-to-date: /home/rohan/dev_ws/install/turtlesim/lib/python3.6/site-packages/turtlesim/srv/_spawn_s.c
[2.844s] -- Up-to-date: /home/rohan/dev_ws/install/turtlesim/lib/python3.6/site-packages/turtlesim/srv/_kill.py
[2.844s] -- Up-to-date: /home/rohan/dev_ws/install/turtlesim/lib/python3.6/site-packages/turtlesim/srv/_teleport_relative_s.c
[2.844s] -- Up-to-date: /home/rohan/dev_ws/install/turtlesim/lib/python3.6/site-packages/turtlesim/turtlesim_s__rosidl_typesupport_c.cpython-36m-x86_64-linux-gnu.so
[2.845s] -- Up-to-date: /home/rohan/dev_ws/install/turtlesim/lib/python3.6/site-packages/turtlesim/turtlesim_s__rosidl_typesupport_fastrtps_c.cpython-36m-x86_64-linux-gnu.so
[2.851s] -- Up-to-date: /home/rohan/dev_ws/install/turtlesim/lib/libturtlesim__python.so
[2.853s] -- Up-to-date: /home/rohan/dev_ws/install/turtlesim/share/turtlesim/action/RotateAbsolute.idl
[2.855s] -- Up-to-date: /home/rohan/dev_ws/install/turtlesim/share/turtlesim/msg/Color.idl
[2.857s] -- Up-to-date: /home/rohan/dev_ws/install/turtlesim/share/turtlesim/msg/Pose.idl
[2.858s] -- Up-to-date: /home/rohan/dev_ws/install/turtlesim/share/turtlesim/srv/Kill.idl
[2.858s] -- Up-to-date: /home/rohan/dev_ws/install/turtlesim/share/turtlesim/srv/SetPen.idl
[2.859s] -- Up-to-date: /home/rohan/dev_ws/install/turtlesim/share/turtlesim/srv/Spawn.idl
[2.859s] -- Up-to-date: /home/rohan/dev_ws/install/turtlesim/share/turtlesim/srv/TeleportAbsolute.idl
[2.860s] -- Up-to-date: /home/rohan/dev_ws/install/turtlesim/share/turtlesim/srv/TeleportRelative.idl
[2.860s] -- Up-to-date: /home/rohan/dev_ws/install/turtlesim/share/turtlesim/action/RotateAbsolute.action
[2.861s] -- Up-to-date: /home/rohan/dev_ws/install/turtlesim/share/turtlesim/msg/Color.msg
[2.861s] -- Up-to-date: /home/rohan/dev_ws/install/turtlesim/share/turtlesim/msg/Pose.msg
[2.862s] -- Up-to-date: /home/rohan/dev_ws/install/turtlesim/share/turtlesim/srv/Kill.srv
[2.863s] -- Up-to-date: /home/rohan/dev_ws/install/turtlesim/share/turtlesim/srv/Kill_Request.msg
[2.863s] -- Up-to-date: /home/rohan/dev_ws/install/turtlesim/share/turtlesim/srv/Kill_Response.msg
[2.863s] -- Up-to-date: /home/rohan/dev_ws/install/turtlesim/share/turtlesim/srv/SetPen.srv
[2.864s] -- Up-to-date: /home/rohan/dev_ws/install/turtlesim/share/turtlesim/srv/SetPen_Request.msg
[2.864s] -- Up-to-date: /home/rohan/dev_ws/install/turtlesim/share/turtlesim/srv/SetPen_Response.msg
[2.865s] -- Up-to-date: /home/rohan/dev_ws/install/turtlesim/share/turtlesim/srv/Spawn.srv
[2.865s] -- Up-to-date: /home/rohan/dev_ws/install/turtlesim/share/turtlesim/srv/Spawn_Request.msg
[2.866s] -- Up-to-date: /home/rohan/dev_ws/install/turtlesim/share/turtlesim/srv/Spawn_Response.msg
[2.866s] -- Up-to-date: /home/rohan/dev_ws/install/turtlesim/share/turtlesim/srv/TeleportAbsolute.srv
[2.867s] -- Up-to-date: /home/rohan/dev_ws/install/turtlesim/share/turtlesim/srv/TeleportAbsolute_Request.msg
[2.867s] -- Up-to-date: /home/rohan/dev_ws/install/turtlesim/share/turtlesim/srv/TeleportAbsolute_Response.msg
[2.868s] -- Up-to-date: /home/rohan/dev_ws/install/turtlesim/share/turtlesim/srv/TeleportRelative.srv
[2.869s] -- Up-to-date: /home/rohan/dev_ws/install/turtlesim/share/turtlesim/srv/TeleportRelative_Request.msg
[2.870s] -- Up-to-date: /home/rohan/dev_ws/install/turtlesim/share/turtlesim/srv/TeleportRelative_Response.msg
[2.871s] -- Up-to-date: /home/rohan/dev_ws/install/turtlesim/lib/turtlesim/turtlesim_node
[2.871s] -- Up-to-date: /home/rohan/dev_ws/install/turtlesim/lib/turtlesim/turtle_teleop_key
[2.872s] -- Up-to-date: /home/rohan/dev_ws/install/turtlesim/lib/turtlesim/draw_square
[2.872s] -- Up-to-date: /home/rohan/dev_ws/install/turtlesim/lib/turtlesim/mimic
[2.872s] -- Up-to-date: /home/rohan/dev_ws/install/turtlesim/share/turtlesim/images
[2.873s] -- Up-to-date: /home/rohan/dev_ws/install/turtlesim/share/turtlesim/images/crystal.png
[2.880s] -- Up-to-date: /home/rohan/dev_ws/install/turtlesim/share/turtlesim/images/bouncy.png
[2.880s] -- Up-to-date: /home/rohan/dev_ws/install/turtlesim/share/turtlesim/images/ardent.png
[2.880s] -- Up-to-date: /home/rohan/dev_ws/install/turtlesim/share/turtlesim/images/dashing.png
[2.881s] -- Up-to-date: /home/rohan/dev_ws/install/turtlesim/share/turtlesim/images/eloquent.png
[2.881s] -- Up-to-date: /home/rohan/dev_ws/install/turtlesim/share/turtlesim/launch
[2.881s] -- Up-to-date: /home/rohan/dev_ws/install/turtlesim/share/turtlesim/launch/multisim.launch.py
[2.881s] -- Up-to-date: /home/rohan/dev_ws/install/turtlesim/share/ament_index/resource_index/package_run_dependencies/turtlesim
[2.881s] -- Up-to-date: /home/rohan/dev_ws/install/turtlesim/share/ament_index/resource_index/parent_prefix_path/turtlesim
[2.881s] -- Up-to-date: /home/rohan/dev_ws/install/turtlesim/share/turtlesim/environment/ament_prefix_path.sh
[2.881s] -- Up-to-date: /home/rohan/dev_ws/install/turtlesim/share/turtlesim/environment/ament_prefix_path.dsv
[2.882s] -- Up-to-date: /home/rohan/dev_ws/install/turtlesim/share/turtlesim/environment/path.sh
[2.882s] -- Up-to-date: /home/rohan/dev_ws/install/turtlesim/share/turtlesim/environment/path.dsv
[2.882s] -- Up-to-date: /home/rohan/dev_ws/install/turtlesim/share/turtlesim/local_setup.bash
[2.883s] -- Up-to-date: /home/rohan/dev_ws/install/turtlesim/share/turtlesim/local_setup.sh
[2.883s] -- Up-to-date: /home/rohan/dev_ws/install/turtlesim/share/turtlesim/local_setup.zsh
[2.883s] -- Up-to-date: /home/rohan/dev_ws/install/turtlesim/share/turtlesim/local_setup.dsv
[2.883s] -- Installing: /home/rohan/dev_ws/install/turtlesim/share/turtlesim/package.dsv
[2.883s] -- Up-to-date: /home/rohan/dev_ws/install/turtlesim/share/ament_index/resource_index/packages/turtlesim
[2.883s] -- Up-to-date: /home/rohan/dev_ws/install/turtlesim/share/turtlesim/cmake/rosidl_cmake-extras.cmake
[2.883s] -- Up-to-date: /home/rohan/dev_ws/install/turtlesim/share/turtlesim/cmake/ament_cmake_export_dependencies-extras.cmake
[2.883s] -- Up-to-date: /home/rohan/dev_ws/install/turtlesim/share/turtlesim/cmake/ament_cmake_export_include_directories-extras.cmake
[2.884s] -- Up-to-date: /home/rohan/dev_ws/install/turtlesim/share/turtlesim/cmake/ament_cmake_export_libraries-extras.cmake
[2.884s] -- Up-to-date: /home/rohan/dev_ws/install/turtlesim/share/turtlesim/cmake/turtlesimConfig.cmake
[2.884s] -- Up-to-date: /home/rohan/dev_ws/install/turtlesim/share/turtlesim/cmake/turtlesimConfig-version.cmake
[2.884s] -- Up-to-date: /home/rohan/dev_ws/install/turtlesim/share/turtlesim/package.xml
[2.894s] Invoked command in '/home/rohan/dev_ws/build/turtlesim' returned '0': CMAKE_PREFIX_PATH=${CMAKE_PREFIX_PATH}:/opt/ros/eloquent /usr/bin/cmake --build /home/rohan/dev_ws/build/turtlesim --target install -- -j4 -l4
