[0.098s] Invoking command in '/home/rohan/dev_ws/build/turtlesim': CMAKE_PREFIX_PATH=/opt/ros/eloquent /usr/bin/cmake --build /home/rohan/dev_ws/build/turtlesim -- -j4 -l4
[0.200s] [ 11%] Built target turtlesim__rosidl_generator_c
[0.200s] [ 11%] Built target turtlesim__cpp
[0.244s] [ 21%] Built target turtlesim__rosidl_typesupport_introspection_c
[0.248s] [ 31%] Built target turtlesim__rosidl_typesupport_introspection_cpp
[0.252s] [ 42%] Built target turtlesim__rosidl_typesupport_fastrtps_cpp
[0.298s] [ 52%] Built target turtlesim__rosidl_typesupport_fastrtps_c
[0.303s] [ 62%] Built target turtlesim__rosidl_typesupport_cpp
[0.349s] [ 73%] Built target turtlesim__rosidl_typesupport_c
[0.385s] [ 73%] Built target turtlesim
[0.428s] [ 74%] Built target turtlesim__py
[0.434s] [ 76%] Built target draw_square
[0.444s] [ 78%] Built target turtle_teleop_key
[0.453s] [ 80%] Built target mimic
[0.476s] [35m[1mScanning dependencies of target turtlesim_node[0m
[0.497s] [ 89%] Built target turtlesim__python
[0.543s] [ 91%] Built target turtlesim__rosidl_typesupport_c__pyext
[0.551s] [ 93%] Built target turtlesim__rosidl_typesupport_fastrtps_c__pyext
[0.557s] [ 94%] [32mBuilding CXX object CMakeFiles/turtlesim_node.dir/src/turtle_frame.cpp.o[0m
[7.483s] [ 95%] [32m[1mLinking CXX executable turtlesim_node[0m
[10.134s] [100%] Built target turtlesim_node
[10.155s] Invoked command in '/home/rohan/dev_ws/build/turtlesim' returned '0': CMAKE_PREFIX_PATH=/opt/ros/eloquent /usr/bin/cmake --build /home/rohan/dev_ws/build/turtlesim -- -j4 -l4
[10.652s] Invoking command in '/home/rohan/dev_ws/build/turtlesim': CMAKE_PREFIX_PATH=/opt/ros/eloquent /usr/bin/cmake --build /home/rohan/dev_ws/build/turtlesim --target install -- -j4 -l4
[10.754s] [  1%] Built target turtlesim__cpp
[10.757s] [ 11%] Built target turtlesim__rosidl_generator_c
[10.814s] [ 21%] Built target turtlesim__rosidl_typesupport_introspection_c
[10.824s] [ 31%] Built target turtlesim__rosidl_typesupport_introspection_cpp
[10.831s] [ 42%] Built target turtlesim__rosidl_typesupport_fastrtps_cpp
[10.887s] [ 62%] Built target turtlesim__rosidl_typesupport_fastrtps_c
[10.887s] [ 62%] Built target turtlesim__rosidl_typesupport_cpp
[10.940s] [ 73%] Built target turtlesim__rosidl_typesupport_c
[10.982s] [ 73%] Built target turtlesim
[11.042s] [ 74%] Built target turtlesim__py
[11.049s] [ 76%] Built target turtle_teleop_key
[11.055s] [ 78%] Built target draw_square
[11.059s] [ 80%] Built target mimic
[11.102s] [ 89%] Built target turtlesim__python
[11.126s] [ 95%] Built target turtlesim_node
[11.146s] [ 97%] Built target turtlesim__rosidl_typesupport_c__pyext
[11.155s] [100%] Built target turtlesim__rosidl_typesupport_fastrtps_c__pyext
[11.186s] [36mInstall the project...[0m
[11.200s] -- Install configuration: ""
[11.200s] -- Up-to-date: /home/rohan/dev_ws/install/turtlesim/share/ament_index/resource_index/rosidl_interfaces/turtlesim
[11.200s] -- Up-to-date: /home/rohan/dev_ws/install/turtlesim/include/turtlesim
[11.201s] -- Up-to-date: /home/rohan/dev_ws/install/turtlesim/include/turtlesim/srv
[11.201s] -- Up-to-date: /home/rohan/dev_ws/install/turtlesim/include/turtlesim/srv/teleport_absolute__struct.hpp
[11.201s] -- Up-to-date: /home/rohan/dev_ws/install/turtlesim/include/turtlesim/srv/kill.hpp
[11.201s] -- Up-to-date: /home/rohan/dev_ws/install/turtlesim/include/turtlesim/srv/set_pen__traits.hpp
[11.202s] -- Up-to-date: /home/rohan/dev_ws/install/turtlesim/include/turtlesim/srv/spawn__traits.hpp
[11.202s] -- Up-to-date: /home/rohan/dev_ws/install/turtlesim/include/turtlesim/srv/set_pen.hpp
[11.202s] -- Up-to-date: /home/rohan/dev_ws/install/turtlesim/include/turtlesim/srv/teleport_absolute.hpp
[11.202s] -- Up-to-date: /home/rohan/dev_ws/install/turtlesim/include/turtlesim/srv/spawn__struct.hpp
[11.202s] -- Up-to-date: /home/rohan/dev_ws/install/turtlesim/include/turtlesim/srv/kill__struct.hpp
[11.202s] -- Up-to-date: /home/rohan/dev_ws/install/turtlesim/include/turtlesim/srv/teleport_relative__traits.hpp
[11.202s] -- Up-to-date: /home/rohan/dev_ws/install/turtlesim/include/turtlesim/srv/kill__traits.hpp
[11.203s] -- Up-to-date: /home/rohan/dev_ws/install/turtlesim/include/turtlesim/srv/teleport_absolute__traits.hpp
[11.203s] -- Up-to-date: /home/rohan/dev_ws/install/turtlesim/include/turtlesim/srv/teleport_relative__struct.hpp
[11.203s] -- Up-to-date: /home/rohan/dev_ws/install/turtlesim/include/turtlesim/srv/set_pen__struct.hpp
[11.203s] -- Up-to-date: /home/rohan/dev_ws/install/turtlesim/include/turtlesim/srv/spawn.hpp
[11.203s] -- Up-to-date: /home/rohan/dev_ws/install/turtlesim/include/turtlesim/srv/teleport_relative.hpp
[11.203s] -- Up-to-date: /home/rohan/dev_ws/install/turtlesim/include/turtlesim/action
[11.203s] -- Up-to-date: /home/rohan/dev_ws/install/turtlesim/include/turtlesim/action/rotate_absolute.hpp
[11.204s] -- Up-to-date: /home/rohan/dev_ws/install/turtlesim/include/turtlesim/action/rotate_absolute__struct.hpp
[11.204s] -- Up-to-date: /home/rohan/dev_ws/install/turtlesim/include/turtlesim/action/rotate_absolute__traits.hpp
[11.204s] -- Up-to-date: /home/rohan/dev_ws/install/turtlesim/include/turtlesim/msg
[11.205s] -- Up-to-date: /home/rohan/dev_ws/install/turtlesim/include/turtlesim/msg/color__struct.hpp
[11.205s] -- Up-to-date: /home/rohan/dev_ws/install/turtlesim/include/turtlesim/msg/color.hpp
[11.206s] -- Up-to-date: /home/rohan/dev_ws/install/turtlesim/include/turtlesim/msg/pose__traits.hpp
[11.206s] -- Up-to-date: /home/rohan/dev_ws/install/turtlesim/include/turtlesim/msg/pose.hpp
[11.206s] -- Up-to-date: /home/rohan/dev_ws/install/turtlesim/include/turtlesim/msg/pose__struct.hpp
[11.206s] -- Up-to-date: /home/rohan/dev_ws/install/turtlesim/include/turtlesim/msg/color__traits.hpp
[11.206s] -- Up-to-date: /home/rohan/dev_ws/install/turtlesim/include/turtlesim
[11.206s] -- Up-to-date: /home/rohan/dev_ws/install/turtlesim/include/turtlesim/srv
[11.207s] -- Up-to-date: /home/rohan/dev_ws/install/turtlesim/include/turtlesim/srv/set_pen__functions.c
[11.207s] -- Up-to-date: /home/rohan/dev_ws/install/turtlesim/include/turtlesim/srv/set_pen__functions.h
[11.207s] -- Up-to-date: /home/rohan/dev_ws/install/turtlesim/include/turtlesim/srv/teleport_absolute__type_support.h
[11.207s] -- Up-to-date: /home/rohan/dev_ws/install/turtlesim/include/turtlesim/srv/kill__functions.h
[11.207s] -- Up-to-date: /home/rohan/dev_ws/install/turtlesim/include/turtlesim/srv/teleport_relative__functions.c
[11.207s] -- Up-to-date: /home/rohan/dev_ws/install/turtlesim/include/turtlesim/srv/kill__functions.c
[11.207s] -- Up-to-date: /home/rohan/dev_ws/install/turtlesim/include/turtlesim/srv/teleport_absolute__struct.h
[11.207s] -- Up-to-date: /home/rohan/dev_ws/install/turtlesim/include/turtlesim/srv/spawn__functions.c
[11.208s] -- Up-to-date: /home/rohan/dev_ws/install/turtlesim/include/turtlesim/srv/kill__struct.h
[11.208s] -- Up-to-date: /home/rohan/dev_ws/install/turtlesim/include/turtlesim/srv/set_pen.h
[11.208s] -- Up-to-date: /home/rohan/dev_ws/install/turtlesim/include/turtlesim/srv/set_pen__type_support.h
[11.208s] -- Up-to-date: /home/rohan/dev_ws/install/turtlesim/include/turtlesim/srv/set_pen__struct.h
[11.208s] -- Up-to-date: /home/rohan/dev_ws/install/turtlesim/include/turtlesim/srv/teleport_absolute.h
[11.208s] -- Up-to-date: /home/rohan/dev_ws/install/turtlesim/include/turtlesim/srv/teleport_relative.h
[11.208s] -- Up-to-date: /home/rohan/dev_ws/install/turtlesim/include/turtlesim/srv/teleport_absolute__functions.h
[11.208s] -- Up-to-date: /home/rohan/dev_ws/install/turtlesim/include/turtlesim/srv/spawn__struct.h
[11.208s] -- Up-to-date: /home/rohan/dev_ws/install/turtlesim/include/turtlesim/srv/spawn__type_support.h
[11.209s] -- Up-to-date: /home/rohan/dev_ws/install/turtlesim/include/turtlesim/srv/teleport_relative__type_support.h
[11.209s] -- Up-to-date: /home/rohan/dev_ws/install/turtlesim/include/turtlesim/srv/teleport_absolute__functions.c
[11.209s] -- Up-to-date: /home/rohan/dev_ws/install/turtlesim/include/turtlesim/srv/kill__type_support.h
[11.210s] -- Up-to-date: /home/rohan/dev_ws/install/turtlesim/include/turtlesim/srv/spawn.h
[11.210s] -- Up-to-date: /home/rohan/dev_ws/install/turtlesim/include/turtlesim/srv/teleport_relative__functions.h
[11.210s] -- Up-to-date: /home/rohan/dev_ws/install/turtlesim/include/turtlesim/srv/teleport_relative__struct.h
[11.211s] -- Up-to-date: /home/rohan/dev_ws/install/turtlesim/include/turtlesim/srv/kill.h
[11.211s] -- Up-to-date: /home/rohan/dev_ws/install/turtlesim/include/turtlesim/srv/spawn__functions.h
[11.212s] -- Up-to-date: /home/rohan/dev_ws/install/turtlesim/include/turtlesim/action
[11.219s] -- Up-to-date: /home/rohan/dev_ws/install/turtlesim/include/turtlesim/action/rotate_absolute.h
[11.220s] -- Up-to-date: /home/rohan/dev_ws/install/turtlesim/include/turtlesim/action/rotate_absolute__functions.c
[11.220s] -- Up-to-date: /home/rohan/dev_ws/install/turtlesim/include/turtlesim/action/rotate_absolute__functions.h
[11.220s] -- Up-to-date: /home/rohan/dev_ws/install/turtlesim/include/turtlesim/action/rotate_absolute__type_support.h
[11.220s] -- Up-to-date: /home/rohan/dev_ws/install/turtlesim/include/turtlesim/action/rotate_absolute__struct.h
[11.220s] -- Up-to-date: /home/rohan/dev_ws/install/turtlesim/include/turtlesim/msg
[11.220s] -- Up-to-date: /home/rohan/dev_ws/install/turtlesim/include/turtlesim/msg/color.h
[11.220s] -- Up-to-date: /home/rohan/dev_ws/install/turtlesim/include/turtlesim/msg/color__type_support.h
[11.221s] -- Up-to-date: /home/rohan/dev_ws/install/turtlesim/include/turtlesim/msg/pose__struct.h
[11.221s] -- Up-to-date: /home/rohan/dev_ws/install/turtlesim/include/turtlesim/msg/color__functions.c
[11.222s] -- Up-to-date: /home/rohan/dev_ws/install/turtlesim/include/turtlesim/msg/rosidl_generator_c__visibility_control.h
[11.222s] -- Up-to-date: /home/rohan/dev_ws/install/turtlesim/include/turtlesim/msg/color__functions.h
[11.222s] -- Up-to-date: /home/rohan/dev_ws/install/turtlesim/include/turtlesim/msg/color__struct.h
[11.222s] -- Up-to-date: /home/rohan/dev_ws/install/turtlesim/include/turtlesim/msg/pose__functions.c
[11.222s] -- Up-to-date: /home/rohan/dev_ws/install/turtlesim/include/turtlesim/msg/pose__functions.h
[11.222s] -- Up-to-date: /home/rohan/dev_ws/install/turtlesim/include/turtlesim/msg/pose__type_support.h
[11.222s] -- Up-to-date: /home/rohan/dev_ws/install/turtlesim/include/turtlesim/msg/pose.h
[11.223s] -- Up-to-date: /home/rohan/dev_ws/install/turtlesim/share/turtlesim/environment/library_path.sh
[11.223s] -- Up-to-date: /home/rohan/dev_ws/install/turtlesim/share/turtlesim/environment/library_path.dsv
[11.223s] -- Up-to-date: /home/rohan/dev_ws/install/turtlesim/lib/libturtlesim__rosidl_generator_c.so
[11.223s] -- Up-to-date: /home/rohan/dev_ws/install/turtlesim/lib/libturtlesim__rosidl_typesupport_c.so
[11.223s] -- Up-to-date: /home/rohan/dev_ws/install/turtlesim/lib/libturtlesim__rosidl_typesupport_cpp.so
[11.223s] -- Up-to-date: /home/rohan/dev_ws/install/turtlesim/include/turtlesim
[11.223s] -- Up-to-date: /home/rohan/dev_ws/install/turtlesim/include/turtlesim/srv
[11.224s] -- Up-to-date: /home/rohan/dev_ws/install/turtlesim/include/turtlesim/srv/teleport_absolute__rosidl_typesupport_introspection_c.h
[11.224s] -- Up-to-date: /home/rohan/dev_ws/install/turtlesim/include/turtlesim/srv/kill__rosidl_typesupport_introspection_c.h
[11.224s] -- Up-to-date: /home/rohan/dev_ws/install/turtlesim/include/turtlesim/srv/spawn__type_support.c
[11.224s] -- Up-to-date: /home/rohan/dev_ws/install/turtlesim/include/turtlesim/srv/set_pen__type_support.c
[11.224s] -- Up-to-date: /home/rohan/dev_ws/install/turtlesim/include/turtlesim/srv/teleport_relative__type_support.c
[11.224s] -- Up-to-date: /home/rohan/dev_ws/install/turtlesim/include/turtlesim/srv/set_pen__rosidl_typesupport_introspection_c.h
[11.224s] -- Up-to-date: /home/rohan/dev_ws/install/turtlesim/include/turtlesim/srv/spawn__rosidl_typesupport_introspection_c.h
[11.224s] -- Up-to-date: /home/rohan/dev_ws/install/turtlesim/include/turtlesim/srv/teleport_relative__rosidl_typesupport_introspection_c.h
[11.224s] -- Up-to-date: /home/rohan/dev_ws/install/turtlesim/include/turtlesim/srv/teleport_absolute__type_support.c
[11.225s] -- Up-to-date: /home/rohan/dev_ws/install/turtlesim/include/turtlesim/srv/kill__type_support.c
[11.225s] -- Up-to-date: /home/rohan/dev_ws/install/turtlesim/include/turtlesim/action
[11.225s] -- Up-to-date: /home/rohan/dev_ws/install/turtlesim/include/turtlesim/action/rotate_absolute__type_support.c
[11.225s] -- Up-to-date: /home/rohan/dev_ws/install/turtlesim/include/turtlesim/action/rotate_absolute__rosidl_typesupport_introspection_c.h
[11.225s] -- Up-to-date: /home/rohan/dev_ws/install/turtlesim/include/turtlesim/msg
[11.225s] -- Up-to-date: /home/rohan/dev_ws/install/turtlesim/include/turtlesim/msg/rosidl_typesupport_introspection_c__visibility_control.h
[11.225s] -- Up-to-date: /home/rohan/dev_ws/install/turtlesim/include/turtlesim/msg/pose__type_support.c
[11.225s] -- Up-to-date: /home/rohan/dev_ws/install/turtlesim/include/turtlesim/msg/pose__rosidl_typesupport_introspection_c.h
[11.225s] -- Up-to-date: /home/rohan/dev_ws/install/turtlesim/include/turtlesim/msg/color__type_support.c
[11.226s] -- Up-to-date: /home/rohan/dev_ws/install/turtlesim/include/turtlesim/msg/color__rosidl_typesupport_introspection_c.h
[11.226s] -- Up-to-date: /home/rohan/dev_ws/install/turtlesim/lib/libturtlesim__rosidl_typesupport_introspection_c.so
[11.226s] -- Up-to-date: /home/rohan/dev_ws/install/turtlesim/include/turtlesim
[11.226s] -- Up-to-date: /home/rohan/dev_ws/install/turtlesim/include/turtlesim/srv
[11.226s] -- Up-to-date: /home/rohan/dev_ws/install/turtlesim/include/turtlesim/srv/spawn__type_support.cpp
[11.226s] -- Up-to-date: /home/rohan/dev_ws/install/turtlesim/include/turtlesim/srv/teleport_relative__type_support.cpp
[11.226s] -- Up-to-date: /home/rohan/dev_ws/install/turtlesim/include/turtlesim/srv/set_pen__rosidl_typesupport_introspection_cpp.hpp
[11.226s] -- Up-to-date: /home/rohan/dev_ws/install/turtlesim/include/turtlesim/srv/spawn__rosidl_typesupport_introspection_cpp.hpp
[11.227s] -- Up-to-date: /home/rohan/dev_ws/install/turtlesim/include/turtlesim/srv/teleport_absolute__rosidl_typesupport_introspection_cpp.hpp
[11.227s] -- Up-to-date: /home/rohan/dev_ws/install/turtlesim/include/turtlesim/srv/kill__type_support.cpp
[11.227s] -- Up-to-date: /home/rohan/dev_ws/install/turtlesim/include/turtlesim/srv/teleport_relative__rosidl_typesupport_introspection_cpp.hpp
[11.227s] -- Up-to-date: /home/rohan/dev_ws/install/turtlesim/include/turtlesim/srv/set_pen__type_support.cpp
[11.227s] -- Up-to-date: /home/rohan/dev_ws/install/turtlesim/include/turtlesim/srv/teleport_absolute__type_support.cpp
[11.227s] -- Up-to-date: /home/rohan/dev_ws/install/turtlesim/include/turtlesim/srv/kill__rosidl_typesupport_introspection_cpp.hpp
[11.227s] -- Up-to-date: /home/rohan/dev_ws/install/turtlesim/include/turtlesim/action
[11.227s] -- Up-to-date: /home/rohan/dev_ws/install/turtlesim/include/turtlesim/action/rotate_absolute__rosidl_typesupport_introspection_cpp.hpp
[11.228s] -- Up-to-date: /home/rohan/dev_ws/install/turtlesim/include/turtlesim/action/rotate_absolute__type_support.cpp
[11.228s] -- Up-to-date: /home/rohan/dev_ws/install/turtlesim/include/turtlesim/msg
[11.228s] -- Up-to-date: /home/rohan/dev_ws/install/turtlesim/include/turtlesim/msg/pose__type_support.cpp
[11.228s] -- Up-to-date: /home/rohan/dev_ws/install/turtlesim/include/turtlesim/msg/color__rosidl_typesupport_introspection_cpp.hpp
[11.228s] -- Up-to-date: /home/rohan/dev_ws/install/turtlesim/include/turtlesim/msg/pose__rosidl_typesupport_introspection_cpp.hpp
[11.228s] -- Up-to-date: /home/rohan/dev_ws/install/turtlesim/include/turtlesim/msg/color__type_support.cpp
[11.228s] -- Up-to-date: /home/rohan/dev_ws/install/turtlesim/lib/libturtlesim__rosidl_typesupport_introspection_cpp.so
[11.228s] -- Up-to-date: /home/rohan/dev_ws/install/turtlesim/include/turtlesim
[11.228s] -- Up-to-date: /home/rohan/dev_ws/install/turtlesim/include/turtlesim/srv
[11.229s] -- Up-to-date: /home/rohan/dev_ws/install/turtlesim/include/turtlesim/srv/spawn__rosidl_typesupport_fastrtps_c.h
[11.229s] -- Up-to-date: /home/rohan/dev_ws/install/turtlesim/include/turtlesim/srv/teleport_relative__rosidl_typesupport_fastrtps_c.h
[11.229s] -- Up-to-date: /home/rohan/dev_ws/install/turtlesim/include/turtlesim/srv/kill__rosidl_typesupport_fastrtps_c.h
[11.229s] -- Up-to-date: /home/rohan/dev_ws/install/turtlesim/include/turtlesim/srv/set_pen__rosidl_typesupport_fastrtps_c.h
[11.229s] -- Up-to-date: /home/rohan/dev_ws/install/turtlesim/include/turtlesim/srv/teleport_absolute__rosidl_typesupport_fastrtps_c.h
[11.229s] -- Up-to-date: /home/rohan/dev_ws/install/turtlesim/include/turtlesim/action
[11.229s] -- Up-to-date: /home/rohan/dev_ws/install/turtlesim/include/turtlesim/action/rotate_absolute__rosidl_typesupport_fastrtps_c.h
[11.229s] -- Up-to-date: /home/rohan/dev_ws/install/turtlesim/include/turtlesim/msg
[11.229s] -- Up-to-date: /home/rohan/dev_ws/install/turtlesim/include/turtlesim/msg/rosidl_typesupport_fastrtps_c__visibility_control.h
[11.229s] -- Up-to-date: /home/rohan/dev_ws/install/turtlesim/include/turtlesim/msg/pose__rosidl_typesupport_fastrtps_c.h
[11.230s] -- Up-to-date: /home/rohan/dev_ws/install/turtlesim/include/turtlesim/msg/color__rosidl_typesupport_fastrtps_c.h
[11.230s] -- Up-to-date: /home/rohan/dev_ws/install/turtlesim/lib/libturtlesim__rosidl_typesupport_fastrtps_c.so
[11.230s] -- Up-to-date: /home/rohan/dev_ws/install/turtlesim/include/turtlesim
[11.230s] -- Up-to-date: /home/rohan/dev_ws/install/turtlesim/include/turtlesim/srv
[11.230s] -- Up-to-date: /home/rohan/dev_ws/install/turtlesim/include/turtlesim/srv/teleport_relative__rosidl_typesupport_fastrtps_cpp.hpp
[11.230s] -- Up-to-date: /home/rohan/dev_ws/install/turtlesim/include/turtlesim/srv/spawn__rosidl_typesupport_fastrtps_cpp.hpp
[11.230s] -- Up-to-date: /home/rohan/dev_ws/install/turtlesim/include/turtlesim/srv/kill__rosidl_typesupport_fastrtps_cpp.hpp
[11.230s] -- Up-to-date: /home/rohan/dev_ws/install/turtlesim/include/turtlesim/srv/dds_fastrtps
[11.231s] -- Up-to-date: /home/rohan/dev_ws/install/turtlesim/include/turtlesim/srv/teleport_absolute__rosidl_typesupport_fastrtps_cpp.hpp
[11.231s] -- Up-to-date: /home/rohan/dev_ws/install/turtlesim/include/turtlesim/srv/set_pen__rosidl_typesupport_fastrtps_cpp.hpp
[11.231s] -- Up-to-date: /home/rohan/dev_ws/install/turtlesim/include/turtlesim/action
[11.231s] -- Up-to-date: /home/rohan/dev_ws/install/turtlesim/include/turtlesim/action/rotate_absolute__rosidl_typesupport_fastrtps_cpp.hpp
[11.231s] -- Up-to-date: /home/rohan/dev_ws/install/turtlesim/include/turtlesim/action/dds_fastrtps
[11.231s] -- Up-to-date: /home/rohan/dev_ws/install/turtlesim/include/turtlesim/msg
[11.231s] -- Up-to-date: /home/rohan/dev_ws/install/turtlesim/include/turtlesim/msg/color__rosidl_typesupport_fastrtps_cpp.hpp
[11.231s] -- Up-to-date: /home/rohan/dev_ws/install/turtlesim/include/turtlesim/msg/rosidl_typesupport_fastrtps_cpp__visibility_control.h
[11.231s] -- Up-to-date: /home/rohan/dev_ws/install/turtlesim/include/turtlesim/msg/pose__rosidl_typesupport_fastrtps_cpp.hpp
[11.232s] -- Up-to-date: /home/rohan/dev_ws/install/turtlesim/include/turtlesim/msg/dds_fastrtps
[11.232s] -- Up-to-date: /home/rohan/dev_ws/install/turtlesim/lib/libturtlesim__rosidl_typesupport_fastrtps_cpp.so
[11.232s] -- Up-to-date: /home/rohan/dev_ws/install/turtlesim/share/turtlesim/environment/pythonpath.sh
[11.232s] -- Up-to-date: /home/rohan/dev_ws/install/turtlesim/share/turtlesim/environment/pythonpath.dsv
[11.232s] -- Up-to-date: /home/rohan/dev_ws/install/turtlesim/lib/python3.6/site-packages/turtlesim/__init__.py
[11.290s] -- Up-to-date: /home/rohan/dev_ws/install/turtlesim/lib/python3.6/site-packages/turtlesim/action
[11.290s] -- Up-to-date: /home/rohan/dev_ws/install/turtlesim/lib/python3.6/site-packages/turtlesim/action/__init__.py
[11.291s] -- Up-to-date: /home/rohan/dev_ws/install/turtlesim/lib/python3.6/site-packages/turtlesim/action/_rotate_absolute_s.c
[11.291s] -- Up-to-date: /home/rohan/dev_ws/install/turtlesim/lib/python3.6/site-packages/turtlesim/action/_rotate_absolute.py
[11.291s] -- Up-to-date: /home/rohan/dev_ws/install/turtlesim/lib/python3.6/site-packages/turtlesim/msg
[11.291s] -- Up-to-date: /home/rohan/dev_ws/install/turtlesim/lib/python3.6/site-packages/turtlesim/msg/_color.py
[11.292s] -- Up-to-date: /home/rohan/dev_ws/install/turtlesim/lib/python3.6/site-packages/turtlesim/msg/_color_s.c
[11.292s] -- Up-to-date: /home/rohan/dev_ws/install/turtlesim/lib/python3.6/site-packages/turtlesim/msg/__init__.py
[11.292s] -- Up-to-date: /home/rohan/dev_ws/install/turtlesim/lib/python3.6/site-packages/turtlesim/msg/_pose.py
[11.292s] -- Up-to-date: /home/rohan/dev_ws/install/turtlesim/lib/python3.6/site-packages/turtlesim/msg/_pose_s.c
[11.292s] -- Up-to-date: /home/rohan/dev_ws/install/turtlesim/lib/python3.6/site-packages/turtlesim/srv
[11.292s] -- Up-to-date: /home/rohan/dev_ws/install/turtlesim/lib/python3.6/site-packages/turtlesim/srv/_set_pen.py
[11.292s] -- Up-to-date: /home/rohan/dev_ws/install/turtlesim/lib/python3.6/site-packages/turtlesim/srv/_teleport_relative.py
[11.292s] -- Up-to-date: /home/rohan/dev_ws/install/turtlesim/lib/python3.6/site-packages/turtlesim/srv/_set_pen_s.c
[11.293s] -- Up-to-date: /home/rohan/dev_ws/install/turtlesim/lib/python3.6/site-packages/turtlesim/srv/_teleport_absolute.py
[11.293s] -- Up-to-date: /home/rohan/dev_ws/install/turtlesim/lib/python3.6/site-packages/turtlesim/srv/_spawn.py
[11.293s] -- Up-to-date: /home/rohan/dev_ws/install/turtlesim/lib/python3.6/site-packages/turtlesim/srv/__init__.py
[11.293s] -- Up-to-date: /home/rohan/dev_ws/install/turtlesim/lib/python3.6/site-packages/turtlesim/srv/_kill_s.c
[11.293s] -- Up-to-date: /home/rohan/dev_ws/install/turtlesim/lib/python3.6/site-packages/turtlesim/srv/_teleport_absolute_s.c
[11.293s] -- Up-to-date: /home/rohan/dev_ws/install/turtlesim/lib/python3.6/site-packages/turtlesim/srv/_spawn_s.c
[11.293s] -- Up-to-date: /home/rohan/dev_ws/install/turtlesim/lib/python3.6/site-packages/turtlesim/srv/_kill.py
[11.293s] -- Up-to-date: /home/rohan/dev_ws/install/turtlesim/lib/python3.6/site-packages/turtlesim/srv/_teleport_relative_s.c
[11.293s] -- Up-to-date: /home/rohan/dev_ws/install/turtlesim/lib/python3.6/site-packages/turtlesim/turtlesim_s__rosidl_typesupport_c.cpython-36m-x86_64-linux-gnu.so
[11.294s] -- Up-to-date: /home/rohan/dev_ws/install/turtlesim/lib/python3.6/site-packages/turtlesim/turtlesim_s__rosidl_typesupport_fastrtps_c.cpython-36m-x86_64-linux-gnu.so
[11.294s] -- Up-to-date: /home/rohan/dev_ws/install/turtlesim/lib/libturtlesim__python.so
[11.295s] -- Up-to-date: /home/rohan/dev_ws/install/turtlesim/share/turtlesim/action/RotateAbsolute.idl
[11.295s] -- Up-to-date: /home/rohan/dev_ws/install/turtlesim/share/turtlesim/msg/Color.idl
[11.295s] -- Up-to-date: /home/rohan/dev_ws/install/turtlesim/share/turtlesim/msg/Pose.idl
[11.296s] -- Up-to-date: /home/rohan/dev_ws/install/turtlesim/share/turtlesim/srv/Kill.idl
[11.296s] -- Up-to-date: /home/rohan/dev_ws/install/turtlesim/share/turtlesim/srv/SetPen.idl
[11.296s] -- Up-to-date: /home/rohan/dev_ws/install/turtlesim/share/turtlesim/srv/Spawn.idl
[11.297s] -- Up-to-date: /home/rohan/dev_ws/install/turtlesim/share/turtlesim/srv/TeleportAbsolute.idl
[11.297s] -- Up-to-date: /home/rohan/dev_ws/install/turtlesim/share/turtlesim/srv/TeleportRelative.idl
[11.297s] -- Up-to-date: /home/rohan/dev_ws/install/turtlesim/share/turtlesim/action/RotateAbsolute.action
[11.297s] -- Up-to-date: /home/rohan/dev_ws/install/turtlesim/share/turtlesim/msg/Color.msg
[11.297s] -- Up-to-date: /home/rohan/dev_ws/install/turtlesim/share/turtlesim/msg/Pose.msg
[11.297s] -- Up-to-date: /home/rohan/dev_ws/install/turtlesim/share/turtlesim/srv/Kill.srv
[11.298s] -- Up-to-date: /home/rohan/dev_ws/install/turtlesim/share/turtlesim/srv/Kill_Request.msg
[11.298s] -- Up-to-date: /home/rohan/dev_ws/install/turtlesim/share/turtlesim/srv/Kill_Response.msg
[11.298s] -- Up-to-date: /home/rohan/dev_ws/install/turtlesim/share/turtlesim/srv/SetPen.srv
[11.298s] -- Up-to-date: /home/rohan/dev_ws/install/turtlesim/share/turtlesim/srv/SetPen_Request.msg
[11.298s] -- Up-to-date: /home/rohan/dev_ws/install/turtlesim/share/turtlesim/srv/SetPen_Response.msg
[11.298s] -- Up-to-date: /home/rohan/dev_ws/install/turtlesim/share/turtlesim/srv/Spawn.srv
[11.298s] -- Up-to-date: /home/rohan/dev_ws/install/turtlesim/share/turtlesim/srv/Spawn_Request.msg
[11.298s] -- Up-to-date: /home/rohan/dev_ws/install/turtlesim/share/turtlesim/srv/Spawn_Response.msg
[11.298s] -- Up-to-date: /home/rohan/dev_ws/install/turtlesim/share/turtlesim/srv/TeleportAbsolute.srv
[11.299s] -- Up-to-date: /home/rohan/dev_ws/install/turtlesim/share/turtlesim/srv/TeleportAbsolute_Request.msg
[11.299s] -- Up-to-date: /home/rohan/dev_ws/install/turtlesim/share/turtlesim/srv/TeleportAbsolute_Response.msg
[11.299s] -- Up-to-date: /home/rohan/dev_ws/install/turtlesim/share/turtlesim/srv/TeleportRelative.srv
[11.299s] -- Up-to-date: /home/rohan/dev_ws/install/turtlesim/share/turtlesim/srv/TeleportRelative_Request.msg
[11.299s] -- Up-to-date: /home/rohan/dev_ws/install/turtlesim/share/turtlesim/srv/TeleportRelative_Response.msg
[11.299s] -- Installing: /home/rohan/dev_ws/install/turtlesim/lib/turtlesim/turtlesim_node
[11.306s] -- Set runtime path of "/home/rohan/dev_ws/install/turtlesim/lib/turtlesim/turtlesim_node" to ""
[11.306s] -- Up-to-date: /home/rohan/dev_ws/install/turtlesim/lib/turtlesim/turtle_teleop_key
[11.307s] -- Up-to-date: /home/rohan/dev_ws/install/turtlesim/lib/turtlesim/draw_square
[11.308s] -- Up-to-date: /home/rohan/dev_ws/install/turtlesim/lib/turtlesim/mimic
[11.308s] -- Up-to-date: /home/rohan/dev_ws/install/turtlesim/share/turtlesim/images
[11.309s] -- Up-to-date: /home/rohan/dev_ws/install/turtlesim/share/turtlesim/images/crystal.png
[11.309s] -- Up-to-date: /home/rohan/dev_ws/install/turtlesim/share/turtlesim/images/bouncy.png
[11.309s] -- Up-to-date: /home/rohan/dev_ws/install/turtlesim/share/turtlesim/images/ardent.png
[11.309s] -- Up-to-date: /home/rohan/dev_ws/install/turtlesim/share/turtlesim/images/dashing.png
[11.309s] -- Up-to-date: /home/rohan/dev_ws/install/turtlesim/share/turtlesim/images/eloquent.png
[11.309s] -- Up-to-date: /home/rohan/dev_ws/install/turtlesim/share/turtlesim/launch
[11.310s] -- Up-to-date: /home/rohan/dev_ws/install/turtlesim/share/turtlesim/launch/multisim.launch.py
[11.310s] -- Up-to-date: /home/rohan/dev_ws/install/turtlesim/share/ament_index/resource_index/package_run_dependencies/turtlesim
[11.310s] -- Up-to-date: /home/rohan/dev_ws/install/turtlesim/share/ament_index/resource_index/parent_prefix_path/turtlesim
[11.310s] -- Up-to-date: /home/rohan/dev_ws/install/turtlesim/share/turtlesim/environment/ament_prefix_path.sh
[11.310s] -- Up-to-date: /home/rohan/dev_ws/install/turtlesim/share/turtlesim/environment/ament_prefix_path.dsv
[11.311s] -- Up-to-date: /home/rohan/dev_ws/install/turtlesim/share/turtlesim/environment/path.sh
[11.312s] -- Up-to-date: /home/rohan/dev_ws/install/turtlesim/share/turtlesim/environment/path.dsv
[11.312s] -- Up-to-date: /home/rohan/dev_ws/install/turtlesim/share/turtlesim/local_setup.bash
[11.312s] -- Up-to-date: /home/rohan/dev_ws/install/turtlesim/share/turtlesim/local_setup.sh
[11.312s] -- Up-to-date: /home/rohan/dev_ws/install/turtlesim/share/turtlesim/local_setup.zsh
[11.313s] -- Up-to-date: /home/rohan/dev_ws/install/turtlesim/share/turtlesim/local_setup.dsv
[11.313s] -- Installing: /home/rohan/dev_ws/install/turtlesim/share/turtlesim/package.dsv
[11.317s] -- Up-to-date: /home/rohan/dev_ws/install/turtlesim/share/ament_index/resource_index/packages/turtlesim
[11.317s] -- Up-to-date: /home/rohan/dev_ws/install/turtlesim/share/turtlesim/cmake/rosidl_cmake-extras.cmake
[11.317s] -- Up-to-date: /home/rohan/dev_ws/install/turtlesim/share/turtlesim/cmake/ament_cmake_export_dependencies-extras.cmake
[11.317s] -- Up-to-date: /home/rohan/dev_ws/install/turtlesim/share/turtlesim/cmake/ament_cmake_export_include_directories-extras.cmake
[11.317s] -- Up-to-date: /home/rohan/dev_ws/install/turtlesim/share/turtlesim/cmake/ament_cmake_export_libraries-extras.cmake
[11.317s] -- Up-to-date: /home/rohan/dev_ws/install/turtlesim/share/turtlesim/cmake/turtlesimConfig.cmake
[11.318s] -- Up-to-date: /home/rohan/dev_ws/install/turtlesim/share/turtlesim/cmake/turtlesimConfig-version.cmake
[11.318s] -- Up-to-date: /home/rohan/dev_ws/install/turtlesim/share/turtlesim/package.xml
[11.326s] Invoked command in '/home/rohan/dev_ws/build/turtlesim' returned '0': CMAKE_PREFIX_PATH=/opt/ros/eloquent /usr/bin/cmake --build /home/rohan/dev_ws/build/turtlesim --target install -- -j4 -l4
