[0.022s] Invoking command in '/home/rohan/dev_ws/build/turtlesim': CMAKE_PREFIX_PATH=${CMAKE_PREFIX_PATH}:/opt/ros/eloquent /usr/bin/cmake --build /home/rohan/dev_ws/build/turtlesim -- -j4 -l4
[0.119s] [  1%] Built target turtlesim__cpp
[0.125s] [ 11%] Built target turtlesim__rosidl_generator_c
[0.163s] [ 21%] Built target turtlesim__rosidl_typesupport_introspection_cpp
[0.166s] [ 31%] Built target turtlesim__rosidl_typesupport_fastrtps_cpp
[0.170s] [ 42%] Built target turtlesim__rosidl_typesupport_introspection_c
[0.213s] [ 52%] Built target turtlesim__rosidl_typesupport_cpp
[0.219s] [ 62%] Built target turtlesim__rosidl_typesupport_fastrtps_c
[0.264s] [ 73%] Built target turtlesim__rosidl_typesupport_c
[0.298s] [ 73%] Built target turtlesim
[0.338s] [ 74%] Built target turtlesim__py
[0.353s] [ 77%] Built target turtle_teleop_key
[0.353s] [ 79%] Built target mimic
[0.354s] [ 80%] Built target draw_square
[0.408s] [ 89%] Built target turtlesim__python
[0.420s] [ 95%] Built target turtlesim_node
[0.454s] [ 97%] Built target turtlesim__rosidl_typesupport_c__pyext
[0.459s] [100%] Built target turtlesim__rosidl_typesupport_fastrtps_c__pyext
[0.490s] Invoked command in '/home/rohan/dev_ws/build/turtlesim' returned '0': CMAKE_PREFIX_PATH=${CMAKE_PREFIX_PATH}:/opt/ros/eloquent /usr/bin/cmake --build /home/rohan/dev_ws/build/turtlesim -- -j4 -l4
[0.912s] Invoking command in '/home/rohan/dev_ws/build/turtlesim': CMAKE_PREFIX_PATH=${CMAKE_PREFIX_PATH}:/opt/ros/eloquent /usr/bin/cmake --build /home/rohan/dev_ws/build/turtlesim --target install -- -j4 -l4
[1.002s] [  1%] Built target turtlesim__cpp
[1.003s] [ 11%] Built target turtlesim__rosidl_generator_c
[1.048s] [ 21%] Built target turtlesim__rosidl_typesupport_introspection_cpp
[1.051s] [ 31%] Built target turtlesim__rosidl_typesupport_introspection_c
[1.060s] [ 42%] Built target turtlesim__rosidl_typesupport_fastrtps_cpp
[1.115s] [ 52%] Built target turtlesim__rosidl_typesupport_fastrtps_c
[1.117s] [ 62%] Built target turtlesim__rosidl_typesupport_cpp
[1.166s] [ 73%] Built target turtlesim__rosidl_typesupport_c
[1.204s] [ 73%] Built target turtlesim
[1.244s] [ 74%] Built target turtlesim__py
[1.255s] [ 76%] Built target mimic
[1.262s] [ 78%] Built target turtle_teleop_key
[1.272s] [ 80%] Built target draw_square
[1.309s] [ 89%] Built target turtlesim__python
[1.337s] [ 95%] Built target turtlesim_node
[1.355s] [ 97%] Built target turtlesim__rosidl_typesupport_c__pyext
[1.368s] [100%] Built target turtlesim__rosidl_typesupport_fastrtps_c__pyext
[1.402s] [36mInstall the project...[0m
[1.416s] -- Install configuration: ""
[1.417s] -- Up-to-date: /home/rohan/dev_ws/install/turtlesim/share/ament_index/resource_index/rosidl_interfaces/turtlesim
[1.417s] -- Up-to-date: /home/rohan/dev_ws/install/turtlesim/include/turtlesim
[1.418s] -- Up-to-date: /home/rohan/dev_ws/install/turtlesim/include/turtlesim/srv
[1.418s] -- Up-to-date: /home/rohan/dev_ws/install/turtlesim/include/turtlesim/srv/teleport_absolute__struct.hpp
[1.418s] -- Up-to-date: /home/rohan/dev_ws/install/turtlesim/include/turtlesim/srv/kill.hpp
[1.418s] -- Up-to-date: /home/rohan/dev_ws/install/turtlesim/include/turtlesim/srv/set_pen__traits.hpp
[1.419s] -- Up-to-date: /home/rohan/dev_ws/install/turtlesim/include/turtlesim/srv/spawn__traits.hpp
[1.419s] -- Up-to-date: /home/rohan/dev_ws/install/turtlesim/include/turtlesim/srv/set_pen.hpp
[1.419s] -- Up-to-date: /home/rohan/dev_ws/install/turtlesim/include/turtlesim/srv/teleport_absolute.hpp
[1.419s] -- Up-to-date: /home/rohan/dev_ws/install/turtlesim/include/turtlesim/srv/spawn__struct.hpp
[1.420s] -- Up-to-date: /home/rohan/dev_ws/install/turtlesim/include/turtlesim/srv/kill__struct.hpp
[1.420s] -- Up-to-date: /home/rohan/dev_ws/install/turtlesim/include/turtlesim/srv/teleport_relative__traits.hpp
[1.420s] -- Up-to-date: /home/rohan/dev_ws/install/turtlesim/include/turtlesim/srv/kill__traits.hpp
[1.420s] -- Up-to-date: /home/rohan/dev_ws/install/turtlesim/include/turtlesim/srv/teleport_absolute__traits.hpp
[1.421s] -- Up-to-date: /home/rohan/dev_ws/install/turtlesim/include/turtlesim/srv/teleport_relative__struct.hpp
[1.421s] -- Up-to-date: /home/rohan/dev_ws/install/turtlesim/include/turtlesim/srv/set_pen__struct.hpp
[1.421s] -- Up-to-date: /home/rohan/dev_ws/install/turtlesim/include/turtlesim/srv/spawn.hpp
[1.421s] -- Up-to-date: /home/rohan/dev_ws/install/turtlesim/include/turtlesim/srv/teleport_relative.hpp
[1.422s] -- Up-to-date: /home/rohan/dev_ws/install/turtlesim/include/turtlesim/action
[1.422s] -- Up-to-date: /home/rohan/dev_ws/install/turtlesim/include/turtlesim/action/rotate_absolute.hpp
[1.422s] -- Up-to-date: /home/rohan/dev_ws/install/turtlesim/include/turtlesim/action/rotate_absolute__struct.hpp
[1.422s] -- Up-to-date: /home/rohan/dev_ws/install/turtlesim/include/turtlesim/action/rotate_absolute__traits.hpp
[1.422s] -- Up-to-date: /home/rohan/dev_ws/install/turtlesim/include/turtlesim/msg
[1.423s] -- Up-to-date: /home/rohan/dev_ws/install/turtlesim/include/turtlesim/msg/color__struct.hpp
[1.423s] -- Up-to-date: /home/rohan/dev_ws/install/turtlesim/include/turtlesim/msg/color.hpp
[1.423s] -- Up-to-date: /home/rohan/dev_ws/install/turtlesim/include/turtlesim/msg/pose__traits.hpp
[1.423s] -- Up-to-date: /home/rohan/dev_ws/install/turtlesim/include/turtlesim/msg/pose.hpp
[1.424s] -- Up-to-date: /home/rohan/dev_ws/install/turtlesim/include/turtlesim/msg/pose__struct.hpp
[1.424s] -- Up-to-date: /home/rohan/dev_ws/install/turtlesim/include/turtlesim/msg/color__traits.hpp
[1.424s] -- Up-to-date: /home/rohan/dev_ws/install/turtlesim/include/turtlesim
[1.425s] -- Up-to-date: /home/rohan/dev_ws/install/turtlesim/include/turtlesim/srv
[1.425s] -- Up-to-date: /home/rohan/dev_ws/install/turtlesim/include/turtlesim/srv/set_pen__functions.c
[1.426s] -- Up-to-date: /home/rohan/dev_ws/install/turtlesim/include/turtlesim/srv/set_pen__functions.h
[1.426s] -- Up-to-date: /home/rohan/dev_ws/install/turtlesim/include/turtlesim/srv/teleport_absolute__type_support.h
[1.426s] -- Up-to-date: /home/rohan/dev_ws/install/turtlesim/include/turtlesim/srv/kill__functions.h
[1.426s] -- Up-to-date: /home/rohan/dev_ws/install/turtlesim/include/turtlesim/srv/teleport_relative__functions.c
[1.427s] -- Up-to-date: /home/rohan/dev_ws/install/turtlesim/include/turtlesim/srv/kill__functions.c
[1.429s] -- Up-to-date: /home/rohan/dev_ws/install/turtlesim/include/turtlesim/srv/teleport_absolute__struct.h
[1.429s] -- Up-to-date: /home/rohan/dev_ws/install/turtlesim/include/turtlesim/srv/spawn__functions.c
[1.430s] -- Up-to-date: /home/rohan/dev_ws/install/turtlesim/include/turtlesim/srv/kill__struct.h
[1.430s] -- Up-to-date: /home/rohan/dev_ws/install/turtlesim/include/turtlesim/srv/set_pen.h
[1.431s] -- Up-to-date: /home/rohan/dev_ws/install/turtlesim/include/turtlesim/srv/set_pen__type_support.h
[1.431s] -- Up-to-date: /home/rohan/dev_ws/install/turtlesim/include/turtlesim/srv/set_pen__struct.h
[1.431s] -- Up-to-date: /home/rohan/dev_ws/install/turtlesim/include/turtlesim/srv/teleport_absolute.h
[1.431s] -- Up-to-date: /home/rohan/dev_ws/install/turtlesim/include/turtlesim/srv/teleport_relative.h
[1.432s] -- Up-to-date: /home/rohan/dev_ws/install/turtlesim/include/turtlesim/srv/teleport_absolute__functions.h
[1.432s] -- Up-to-date: /home/rohan/dev_ws/install/turtlesim/include/turtlesim/srv/spawn__struct.h
[1.432s] -- Up-to-date: /home/rohan/dev_ws/install/turtlesim/include/turtlesim/srv/spawn__type_support.h
[1.432s] -- Up-to-date: /home/rohan/dev_ws/install/turtlesim/include/turtlesim/srv/teleport_relative__type_support.h
[1.433s] -- Up-to-date: /home/rohan/dev_ws/install/turtlesim/include/turtlesim/srv/teleport_absolute__functions.c
[1.433s] -- Up-to-date: /home/rohan/dev_ws/install/turtlesim/include/turtlesim/srv/kill__type_support.h
[1.433s] -- Up-to-date: /home/rohan/dev_ws/install/turtlesim/include/turtlesim/srv/spawn.h
[1.434s] -- Up-to-date: /home/rohan/dev_ws/install/turtlesim/include/turtlesim/srv/teleport_relative__functions.h
[1.434s] -- Up-to-date: /home/rohan/dev_ws/install/turtlesim/include/turtlesim/srv/teleport_relative__struct.h
[1.434s] -- Up-to-date: /home/rohan/dev_ws/install/turtlesim/include/turtlesim/srv/kill.h
[1.434s] -- Up-to-date: /home/rohan/dev_ws/install/turtlesim/include/turtlesim/srv/spawn__functions.h
[1.434s] -- Up-to-date: /home/rohan/dev_ws/install/turtlesim/include/turtlesim/action
[1.435s] -- Up-to-date: /home/rohan/dev_ws/install/turtlesim/include/turtlesim/action/rotate_absolute.h
[1.435s] -- Up-to-date: /home/rohan/dev_ws/install/turtlesim/include/turtlesim/action/rotate_absolute__functions.c
[1.435s] -- Up-to-date: /home/rohan/dev_ws/install/turtlesim/include/turtlesim/action/rotate_absolute__functions.h
[1.436s] -- Up-to-date: /home/rohan/dev_ws/install/turtlesim/include/turtlesim/action/rotate_absolute__type_support.h
[1.436s] -- Up-to-date: /home/rohan/dev_ws/install/turtlesim/include/turtlesim/action/rotate_absolute__struct.h
[1.436s] -- Up-to-date: /home/rohan/dev_ws/install/turtlesim/include/turtlesim/msg
[1.436s] -- Up-to-date: /home/rohan/dev_ws/install/turtlesim/include/turtlesim/msg/color.h
[1.437s] -- Up-to-date: /home/rohan/dev_ws/install/turtlesim/include/turtlesim/msg/color__type_support.h
[1.437s] -- Up-to-date: /home/rohan/dev_ws/install/turtlesim/include/turtlesim/msg/pose__struct.h
[1.437s] -- Up-to-date: /home/rohan/dev_ws/install/turtlesim/include/turtlesim/msg/color__functions.c
[1.438s] -- Up-to-date: /home/rohan/dev_ws/install/turtlesim/include/turtlesim/msg/rosidl_generator_c__visibility_control.h
[1.438s] -- Up-to-date: /home/rohan/dev_ws/install/turtlesim/include/turtlesim/msg/color__functions.h
[1.438s] -- Up-to-date: /home/rohan/dev_ws/install/turtlesim/include/turtlesim/msg/color__struct.h
[1.438s] -- Up-to-date: /home/rohan/dev_ws/install/turtlesim/include/turtlesim/msg/pose__functions.c
[1.439s] -- Up-to-date: /home/rohan/dev_ws/install/turtlesim/include/turtlesim/msg/pose__functions.h
[1.439s] -- Up-to-date: /home/rohan/dev_ws/install/turtlesim/include/turtlesim/msg/pose__type_support.h
[1.439s] -- Up-to-date: /home/rohan/dev_ws/install/turtlesim/include/turtlesim/msg/pose.h
[1.440s] -- Up-to-date: /home/rohan/dev_ws/install/turtlesim/share/turtlesim/environment/library_path.sh
[1.440s] -- Up-to-date: /home/rohan/dev_ws/install/turtlesim/share/turtlesim/environment/library_path.dsv
[1.441s] -- Up-to-date: /home/rohan/dev_ws/install/turtlesim/lib/libturtlesim__rosidl_generator_c.so
[1.441s] -- Up-to-date: /home/rohan/dev_ws/install/turtlesim/lib/libturtlesim__rosidl_typesupport_c.so
[1.442s] -- Up-to-date: /home/rohan/dev_ws/install/turtlesim/lib/libturtlesim__rosidl_typesupport_cpp.so
[1.443s] -- Up-to-date: /home/rohan/dev_ws/install/turtlesim/include/turtlesim
[1.443s] -- Up-to-date: /home/rohan/dev_ws/install/turtlesim/include/turtlesim/srv
[1.444s] -- Up-to-date: /home/rohan/dev_ws/install/turtlesim/include/turtlesim/srv/teleport_absolute__rosidl_typesupport_introspection_c.h
[1.444s] -- Up-to-date: /home/rohan/dev_ws/install/turtlesim/include/turtlesim/srv/kill__rosidl_typesupport_introspection_c.h
[1.444s] -- Up-to-date: /home/rohan/dev_ws/install/turtlesim/include/turtlesim/srv/spawn__type_support.c
[1.444s] -- Up-to-date: /home/rohan/dev_ws/install/turtlesim/include/turtlesim/srv/set_pen__type_support.c
[1.445s] -- Up-to-date: /home/rohan/dev_ws/install/turtlesim/include/turtlesim/srv/teleport_relative__type_support.c
[1.445s] -- Up-to-date: /home/rohan/dev_ws/install/turtlesim/include/turtlesim/srv/set_pen__rosidl_typesupport_introspection_c.h
[1.445s] -- Up-to-date: /home/rohan/dev_ws/install/turtlesim/include/turtlesim/srv/spawn__rosidl_typesupport_introspection_c.h
[1.445s] -- Up-to-date: /home/rohan/dev_ws/install/turtlesim/include/turtlesim/srv/teleport_relative__rosidl_typesupport_introspection_c.h
[1.445s] -- Up-to-date: /home/rohan/dev_ws/install/turtlesim/include/turtlesim/srv/teleport_absolute__type_support.c
[1.446s] -- Up-to-date: /home/rohan/dev_ws/install/turtlesim/include/turtlesim/srv/kill__type_support.c
[1.446s] -- Up-to-date: /home/rohan/dev_ws/install/turtlesim/include/turtlesim/action
[1.446s] -- Up-to-date: /home/rohan/dev_ws/install/turtlesim/include/turtlesim/action/rotate_absolute__type_support.c
[1.446s] -- Up-to-date: /home/rohan/dev_ws/install/turtlesim/include/turtlesim/action/rotate_absolute__rosidl_typesupport_introspection_c.h
[1.447s] -- Up-to-date: /home/rohan/dev_ws/install/turtlesim/include/turtlesim/msg
[1.447s] -- Up-to-date: /home/rohan/dev_ws/install/turtlesim/include/turtlesim/msg/rosidl_typesupport_introspection_c__visibility_control.h
[1.447s] -- Up-to-date: /home/rohan/dev_ws/install/turtlesim/include/turtlesim/msg/pose__type_support.c
[1.448s] -- Up-to-date: /home/rohan/dev_ws/install/turtlesim/include/turtlesim/msg/pose__rosidl_typesupport_introspection_c.h
[1.448s] -- Up-to-date: /home/rohan/dev_ws/install/turtlesim/include/turtlesim/msg/color__type_support.c
[1.448s] -- Up-to-date: /home/rohan/dev_ws/install/turtlesim/include/turtlesim/msg/color__rosidl_typesupport_introspection_c.h
[1.449s] -- Up-to-date: /home/rohan/dev_ws/install/turtlesim/lib/libturtlesim__rosidl_typesupport_introspection_c.so
[1.450s] -- Up-to-date: /home/rohan/dev_ws/install/turtlesim/include/turtlesim
[1.450s] -- Up-to-date: /home/rohan/dev_ws/install/turtlesim/include/turtlesim/srv
[1.450s] -- Up-to-date: /home/rohan/dev_ws/install/turtlesim/include/turtlesim/srv/spawn__type_support.cpp
[1.451s] -- Up-to-date: /home/rohan/dev_ws/install/turtlesim/include/turtlesim/srv/teleport_relative__type_support.cpp
[1.451s] -- Up-to-date: /home/rohan/dev_ws/install/turtlesim/include/turtlesim/srv/set_pen__rosidl_typesupport_introspection_cpp.hpp
[1.451s] -- Up-to-date: /home/rohan/dev_ws/install/turtlesim/include/turtlesim/srv/spawn__rosidl_typesupport_introspection_cpp.hpp
[1.451s] -- Up-to-date: /home/rohan/dev_ws/install/turtlesim/include/turtlesim/srv/teleport_absolute__rosidl_typesupport_introspection_cpp.hpp
[1.451s] -- Up-to-date: /home/rohan/dev_ws/install/turtlesim/include/turtlesim/srv/kill__type_support.cpp
[1.452s] -- Up-to-date: /home/rohan/dev_ws/install/turtlesim/include/turtlesim/srv/teleport_relative__rosidl_typesupport_introspection_cpp.hpp
[1.452s] -- Up-to-date: /home/rohan/dev_ws/install/turtlesim/include/turtlesim/srv/set_pen__type_support.cpp
[1.452s] -- Up-to-date: /home/rohan/dev_ws/install/turtlesim/include/turtlesim/srv/teleport_absolute__type_support.cpp
[1.453s] -- Up-to-date: /home/rohan/dev_ws/install/turtlesim/include/turtlesim/srv/kill__rosidl_typesupport_introspection_cpp.hpp
[1.453s] -- Up-to-date: /home/rohan/dev_ws/install/turtlesim/include/turtlesim/action
[1.453s] -- Up-to-date: /home/rohan/dev_ws/install/turtlesim/include/turtlesim/action/rotate_absolute__rosidl_typesupport_introspection_cpp.hpp
[1.454s] -- Up-to-date: /home/rohan/dev_ws/install/turtlesim/include/turtlesim/action/rotate_absolute__type_support.cpp
[1.454s] -- Up-to-date: /home/rohan/dev_ws/install/turtlesim/include/turtlesim/msg
[1.454s] -- Up-to-date: /home/rohan/dev_ws/install/turtlesim/include/turtlesim/msg/pose__type_support.cpp
[1.454s] -- Up-to-date: /home/rohan/dev_ws/install/turtlesim/include/turtlesim/msg/color__rosidl_typesupport_introspection_cpp.hpp
[1.454s] -- Up-to-date: /home/rohan/dev_ws/install/turtlesim/include/turtlesim/msg/pose__rosidl_typesupport_introspection_cpp.hpp
[1.460s] -- Up-to-date: /home/rohan/dev_ws/install/turtlesim/include/turtlesim/msg/color__type_support.cpp
[1.461s] -- Up-to-date: /home/rohan/dev_ws/install/turtlesim/lib/libturtlesim__rosidl_typesupport_introspection_cpp.so
[1.462s] -- Up-to-date: /home/rohan/dev_ws/install/turtlesim/include/turtlesim
[1.462s] -- Up-to-date: /home/rohan/dev_ws/install/turtlesim/include/turtlesim/srv
[1.462s] -- Up-to-date: /home/rohan/dev_ws/install/turtlesim/include/turtlesim/srv/spawn__rosidl_typesupport_fastrtps_c.h
[1.463s] -- Up-to-date: /home/rohan/dev_ws/install/turtlesim/include/turtlesim/srv/teleport_relative__rosidl_typesupport_fastrtps_c.h
[1.463s] -- Up-to-date: /home/rohan/dev_ws/install/turtlesim/include/turtlesim/srv/kill__rosidl_typesupport_fastrtps_c.h
[1.463s] -- Up-to-date: /home/rohan/dev_ws/install/turtlesim/include/turtlesim/srv/set_pen__rosidl_typesupport_fastrtps_c.h
[1.464s] -- Up-to-date: /home/rohan/dev_ws/install/turtlesim/include/turtlesim/srv/teleport_absolute__rosidl_typesupport_fastrtps_c.h
[1.464s] -- Up-to-date: /home/rohan/dev_ws/install/turtlesim/include/turtlesim/action
[1.465s] -- Up-to-date: /home/rohan/dev_ws/install/turtlesim/include/turtlesim/action/rotate_absolute__rosidl_typesupport_fastrtps_c.h
[1.465s] -- Up-to-date: /home/rohan/dev_ws/install/turtlesim/include/turtlesim/msg
[1.465s] -- Up-to-date: /home/rohan/dev_ws/install/turtlesim/include/turtlesim/msg/rosidl_typesupport_fastrtps_c__visibility_control.h
[1.465s] -- Up-to-date: /home/rohan/dev_ws/install/turtlesim/include/turtlesim/msg/pose__rosidl_typesupport_fastrtps_c.h
[1.466s] -- Up-to-date: /home/rohan/dev_ws/install/turtlesim/include/turtlesim/msg/color__rosidl_typesupport_fastrtps_c.h
[1.467s] -- Up-to-date: /home/rohan/dev_ws/install/turtlesim/lib/libturtlesim__rosidl_typesupport_fastrtps_c.so
[1.468s] -- Up-to-date: /home/rohan/dev_ws/install/turtlesim/include/turtlesim
[1.468s] -- Up-to-date: /home/rohan/dev_ws/install/turtlesim/include/turtlesim/srv
[1.469s] -- Up-to-date: /home/rohan/dev_ws/install/turtlesim/include/turtlesim/srv/teleport_relative__rosidl_typesupport_fastrtps_cpp.hpp
[1.469s] -- Up-to-date: /home/rohan/dev_ws/install/turtlesim/include/turtlesim/srv/spawn__rosidl_typesupport_fastrtps_cpp.hpp
[1.469s] -- Up-to-date: /home/rohan/dev_ws/install/turtlesim/include/turtlesim/srv/kill__rosidl_typesupport_fastrtps_cpp.hpp
[1.470s] -- Up-to-date: /home/rohan/dev_ws/install/turtlesim/include/turtlesim/srv/dds_fastrtps
[1.470s] -- Up-to-date: /home/rohan/dev_ws/install/turtlesim/include/turtlesim/srv/teleport_absolute__rosidl_typesupport_fastrtps_cpp.hpp
[1.470s] -- Up-to-date: /home/rohan/dev_ws/install/turtlesim/include/turtlesim/srv/set_pen__rosidl_typesupport_fastrtps_cpp.hpp
[1.470s] -- Up-to-date: /home/rohan/dev_ws/install/turtlesim/include/turtlesim/action
[1.470s] -- Up-to-date: /home/rohan/dev_ws/install/turtlesim/include/turtlesim/action/rotate_absolute__rosidl_typesupport_fastrtps_cpp.hpp
[1.470s] -- Up-to-date: /home/rohan/dev_ws/install/turtlesim/include/turtlesim/action/dds_fastrtps
[1.470s] -- Up-to-date: /home/rohan/dev_ws/install/turtlesim/include/turtlesim/msg
[1.471s] -- Up-to-date: /home/rohan/dev_ws/install/turtlesim/include/turtlesim/msg/color__rosidl_typesupport_fastrtps_cpp.hpp
[1.471s] -- Up-to-date: /home/rohan/dev_ws/install/turtlesim/include/turtlesim/msg/rosidl_typesupport_fastrtps_cpp__visibility_control.h
[1.471s] -- Up-to-date: /home/rohan/dev_ws/install/turtlesim/include/turtlesim/msg/pose__rosidl_typesupport_fastrtps_cpp.hpp
[1.471s] -- Up-to-date: /home/rohan/dev_ws/install/turtlesim/include/turtlesim/msg/dds_fastrtps
[1.471s] -- Up-to-date: /home/rohan/dev_ws/install/turtlesim/lib/libturtlesim__rosidl_typesupport_fastrtps_cpp.so
[1.471s] -- Up-to-date: /home/rohan/dev_ws/install/turtlesim/share/turtlesim/environment/pythonpath.sh
[1.471s] -- Up-to-date: /home/rohan/dev_ws/install/turtlesim/share/turtlesim/environment/pythonpath.dsv
[1.471s] -- Up-to-date: /home/rohan/dev_ws/install/turtlesim/lib/python3.6/site-packages/turtlesim/__init__.py
[1.515s] -- Up-to-date: /home/rohan/dev_ws/install/turtlesim/lib/python3.6/site-packages/turtlesim/action
[1.516s] -- Up-to-date: /home/rohan/dev_ws/install/turtlesim/lib/python3.6/site-packages/turtlesim/action/__init__.py
[1.516s] -- Up-to-date: /home/rohan/dev_ws/install/turtlesim/lib/python3.6/site-packages/turtlesim/action/_rotate_absolute_s.c
[1.516s] -- Up-to-date: /home/rohan/dev_ws/install/turtlesim/lib/python3.6/site-packages/turtlesim/action/_rotate_absolute.py
[1.516s] -- Up-to-date: /home/rohan/dev_ws/install/turtlesim/lib/python3.6/site-packages/turtlesim/msg
[1.516s] -- Up-to-date: /home/rohan/dev_ws/install/turtlesim/lib/python3.6/site-packages/turtlesim/msg/_color.py
[1.517s] -- Up-to-date: /home/rohan/dev_ws/install/turtlesim/lib/python3.6/site-packages/turtlesim/msg/_color_s.c
[1.517s] -- Up-to-date: /home/rohan/dev_ws/install/turtlesim/lib/python3.6/site-packages/turtlesim/msg/__init__.py
[1.517s] -- Up-to-date: /home/rohan/dev_ws/install/turtlesim/lib/python3.6/site-packages/turtlesim/msg/_pose.py
[1.517s] -- Up-to-date: /home/rohan/dev_ws/install/turtlesim/lib/python3.6/site-packages/turtlesim/msg/_pose_s.c
[1.517s] -- Up-to-date: /home/rohan/dev_ws/install/turtlesim/lib/python3.6/site-packages/turtlesim/srv
[1.517s] -- Up-to-date: /home/rohan/dev_ws/install/turtlesim/lib/python3.6/site-packages/turtlesim/srv/_set_pen.py
[1.517s] -- Up-to-date: /home/rohan/dev_ws/install/turtlesim/lib/python3.6/site-packages/turtlesim/srv/_teleport_relative.py
[1.517s] -- Up-to-date: /home/rohan/dev_ws/install/turtlesim/lib/python3.6/site-packages/turtlesim/srv/_set_pen_s.c
[1.518s] -- Up-to-date: /home/rohan/dev_ws/install/turtlesim/lib/python3.6/site-packages/turtlesim/srv/_teleport_absolute.py
[1.518s] -- Up-to-date: /home/rohan/dev_ws/install/turtlesim/lib/python3.6/site-packages/turtlesim/srv/_spawn.py
[1.518s] -- Up-to-date: /home/rohan/dev_ws/install/turtlesim/lib/python3.6/site-packages/turtlesim/srv/__init__.py
[1.518s] -- Up-to-date: /home/rohan/dev_ws/install/turtlesim/lib/python3.6/site-packages/turtlesim/srv/_kill_s.c
[1.518s] -- Up-to-date: /home/rohan/dev_ws/install/turtlesim/lib/python3.6/site-packages/turtlesim/srv/_teleport_absolute_s.c
[1.518s] -- Up-to-date: /home/rohan/dev_ws/install/turtlesim/lib/python3.6/site-packages/turtlesim/srv/_spawn_s.c
[1.519s] -- Up-to-date: /home/rohan/dev_ws/install/turtlesim/lib/python3.6/site-packages/turtlesim/srv/_kill.py
[1.519s] -- Up-to-date: /home/rohan/dev_ws/install/turtlesim/lib/python3.6/site-packages/turtlesim/srv/_teleport_relative_s.c
[1.519s] -- Up-to-date: /home/rohan/dev_ws/install/turtlesim/lib/python3.6/site-packages/turtlesim/turtlesim_s__rosidl_typesupport_c.cpython-36m-x86_64-linux-gnu.so
[1.520s] -- Up-to-date: /home/rohan/dev_ws/install/turtlesim/lib/python3.6/site-packages/turtlesim/turtlesim_s__rosidl_typesupport_fastrtps_c.cpython-36m-x86_64-linux-gnu.so
[1.521s] -- Up-to-date: /home/rohan/dev_ws/install/turtlesim/lib/libturtlesim__python.so
[1.521s] -- Up-to-date: /home/rohan/dev_ws/install/turtlesim/share/turtlesim/action/RotateAbsolute.idl
[1.521s] -- Up-to-date: /home/rohan/dev_ws/install/turtlesim/share/turtlesim/msg/Color.idl
[1.522s] -- Up-to-date: /home/rohan/dev_ws/install/turtlesim/share/turtlesim/msg/Pose.idl
[1.522s] -- Up-to-date: /home/rohan/dev_ws/install/turtlesim/share/turtlesim/srv/Kill.idl
[1.522s] -- Up-to-date: /home/rohan/dev_ws/install/turtlesim/share/turtlesim/srv/SetPen.idl
[1.522s] -- Up-to-date: /home/rohan/dev_ws/install/turtlesim/share/turtlesim/srv/Spawn.idl
[1.522s] -- Up-to-date: /home/rohan/dev_ws/install/turtlesim/share/turtlesim/srv/TeleportAbsolute.idl
[1.523s] -- Up-to-date: /home/rohan/dev_ws/install/turtlesim/share/turtlesim/srv/TeleportRelative.idl
[1.523s] -- Up-to-date: /home/rohan/dev_ws/install/turtlesim/share/turtlesim/action/RotateAbsolute.action
[1.523s] -- Up-to-date: /home/rohan/dev_ws/install/turtlesim/share/turtlesim/msg/Color.msg
[1.523s] -- Up-to-date: /home/rohan/dev_ws/install/turtlesim/share/turtlesim/msg/Pose.msg
[1.524s] -- Up-to-date: /home/rohan/dev_ws/install/turtlesim/share/turtlesim/srv/Kill.srv
[1.524s] -- Up-to-date: /home/rohan/dev_ws/install/turtlesim/share/turtlesim/srv/Kill_Request.msg
[1.525s] -- Up-to-date: /home/rohan/dev_ws/install/turtlesim/share/turtlesim/srv/Kill_Response.msg
[1.525s] -- Up-to-date: /home/rohan/dev_ws/install/turtlesim/share/turtlesim/srv/SetPen.srv
[1.525s] -- Up-to-date: /home/rohan/dev_ws/install/turtlesim/share/turtlesim/srv/SetPen_Request.msg
[1.526s] -- Up-to-date: /home/rohan/dev_ws/install/turtlesim/share/turtlesim/srv/SetPen_Response.msg
[1.526s] -- Up-to-date: /home/rohan/dev_ws/install/turtlesim/share/turtlesim/srv/Spawn.srv
[1.527s] -- Up-to-date: /home/rohan/dev_ws/install/turtlesim/share/turtlesim/srv/Spawn_Request.msg
[1.527s] -- Up-to-date: /home/rohan/dev_ws/install/turtlesim/share/turtlesim/srv/Spawn_Response.msg
[1.527s] -- Up-to-date: /home/rohan/dev_ws/install/turtlesim/share/turtlesim/srv/TeleportAbsolute.srv
[1.528s] -- Up-to-date: /home/rohan/dev_ws/install/turtlesim/share/turtlesim/srv/TeleportAbsolute_Request.msg
[1.528s] -- Up-to-date: /home/rohan/dev_ws/install/turtlesim/share/turtlesim/srv/TeleportAbsolute_Response.msg
[1.528s] -- Up-to-date: /home/rohan/dev_ws/install/turtlesim/share/turtlesim/srv/TeleportRelative.srv
[1.529s] -- Up-to-date: /home/rohan/dev_ws/install/turtlesim/share/turtlesim/srv/TeleportRelative_Request.msg
[1.529s] -- Up-to-date: /home/rohan/dev_ws/install/turtlesim/share/turtlesim/srv/TeleportRelative_Response.msg
[1.530s] -- Up-to-date: /home/rohan/dev_ws/install/turtlesim/lib/turtlesim/turtlesim_node
[1.530s] -- Up-to-date: /home/rohan/dev_ws/install/turtlesim/lib/turtlesim/turtle_teleop_key
[1.531s] -- Up-to-date: /home/rohan/dev_ws/install/turtlesim/lib/turtlesim/draw_square
[1.531s] -- Up-to-date: /home/rohan/dev_ws/install/turtlesim/lib/turtlesim/mimic
[1.531s] -- Up-to-date: /home/rohan/dev_ws/install/turtlesim/share/turtlesim/images
[1.531s] -- Up-to-date: /home/rohan/dev_ws/install/turtlesim/share/turtlesim/images/crystal.png
[1.531s] -- Up-to-date: /home/rohan/dev_ws/install/turtlesim/share/turtlesim/images/bouncy.png
[1.531s] -- Up-to-date: /home/rohan/dev_ws/install/turtlesim/share/turtlesim/images/ardent.png
[1.532s] -- Up-to-date: /home/rohan/dev_ws/install/turtlesim/share/turtlesim/images/dashing.png
[1.532s] -- Up-to-date: /home/rohan/dev_ws/install/turtlesim/share/turtlesim/images/eloquent.png
[1.532s] -- Up-to-date: /home/rohan/dev_ws/install/turtlesim/share/turtlesim/launch
[1.532s] -- Up-to-date: /home/rohan/dev_ws/install/turtlesim/share/turtlesim/launch/multisim.launch.py
[1.532s] -- Up-to-date: /home/rohan/dev_ws/install/turtlesim/share/ament_index/resource_index/package_run_dependencies/turtlesim
[1.532s] -- Up-to-date: /home/rohan/dev_ws/install/turtlesim/share/ament_index/resource_index/parent_prefix_path/turtlesim
[1.532s] -- Up-to-date: /home/rohan/dev_ws/install/turtlesim/share/turtlesim/environment/ament_prefix_path.sh
[1.532s] -- Up-to-date: /home/rohan/dev_ws/install/turtlesim/share/turtlesim/environment/ament_prefix_path.dsv
[1.532s] -- Up-to-date: /home/rohan/dev_ws/install/turtlesim/share/turtlesim/environment/path.sh
[1.533s] -- Up-to-date: /home/rohan/dev_ws/install/turtlesim/share/turtlesim/environment/path.dsv
[1.533s] -- Up-to-date: /home/rohan/dev_ws/install/turtlesim/share/turtlesim/local_setup.bash
[1.533s] -- Up-to-date: /home/rohan/dev_ws/install/turtlesim/share/turtlesim/local_setup.sh
[1.533s] -- Up-to-date: /home/rohan/dev_ws/install/turtlesim/share/turtlesim/local_setup.zsh
[1.533s] -- Up-to-date: /home/rohan/dev_ws/install/turtlesim/share/turtlesim/local_setup.dsv
[1.533s] -- Installing: /home/rohan/dev_ws/install/turtlesim/share/turtlesim/package.dsv
[1.533s] -- Up-to-date: /home/rohan/dev_ws/install/turtlesim/share/ament_index/resource_index/packages/turtlesim
[1.533s] -- Up-to-date: /home/rohan/dev_ws/install/turtlesim/share/turtlesim/cmake/rosidl_cmake-extras.cmake
[1.533s] -- Up-to-date: /home/rohan/dev_ws/install/turtlesim/share/turtlesim/cmake/ament_cmake_export_dependencies-extras.cmake
[1.534s] -- Up-to-date: /home/rohan/dev_ws/install/turtlesim/share/turtlesim/cmake/ament_cmake_export_include_directories-extras.cmake
[1.535s] -- Up-to-date: /home/rohan/dev_ws/install/turtlesim/share/turtlesim/cmake/ament_cmake_export_libraries-extras.cmake
[1.535s] -- Up-to-date: /home/rohan/dev_ws/install/turtlesim/share/turtlesim/cmake/turtlesimConfig.cmake
[1.536s] -- Up-to-date: /home/rohan/dev_ws/install/turtlesim/share/turtlesim/cmake/turtlesimConfig-version.cmake
[1.539s] -- Up-to-date: /home/rohan/dev_ws/install/turtlesim/share/turtlesim/package.xml
[1.539s] Invoked command in '/home/rohan/dev_ws/build/turtlesim' returned '0': CMAKE_PREFIX_PATH=${CMAKE_PREFIX_PATH}:/opt/ros/eloquent /usr/bin/cmake --build /home/rohan/dev_ws/build/turtlesim --target install -- -j4 -l4
