[0.601s] Invoking command in '/home/rohan/dev_ws/src/my_package': PYTHONPATH=/home/rohan/dev_ws/install/my_package/lib/python3.6/site-packages:${PYTHONPATH} /usr/bin/python3 setup.py egg_info --egg-base /home/rohan/dev_ws/build/my_package build --build-base /home/rohan/dev_ws/build/my_package/build install --prefix /home/rohan/dev_ws/install/my_package --record /home/rohan/dev_ws/build/my_package/install.log --single-version-externally-managed
[1.402s] running egg_info
[1.403s] creating /home/rohan/dev_ws/build/my_package/my_package.egg-info
[1.403s] writing /home/rohan/dev_ws/build/my_package/my_package.egg-info/PKG-INFO
[1.405s] writing dependency_links to /home/rohan/dev_ws/build/my_package/my_package.egg-info/dependency_links.txt
[1.405s] writing entry points to /home/rohan/dev_ws/build/my_package/my_package.egg-info/entry_points.txt
[1.405s] writing requirements to /home/rohan/dev_ws/build/my_package/my_package.egg-info/requires.txt
[1.405s] writing top-level names to /home/rohan/dev_ws/build/my_package/my_package.egg-info/top_level.txt
[1.405s] writing manifest file '/home/rohan/dev_ws/build/my_package/my_package.egg-info/SOURCES.txt'
[1.605s] reading manifest file '/home/rohan/dev_ws/build/my_package/my_package.egg-info/SOURCES.txt'
[1.606s] writing manifest file '/home/rohan/dev_ws/build/my_package/my_package.egg-info/SOURCES.txt'
[1.606s] running build
[1.606s] running build_py
[1.607s] creating /home/rohan/dev_ws/build/my_package/build
[1.607s] creating /home/rohan/dev_ws/build/my_package/build/lib
[1.607s] creating /home/rohan/dev_ws/build/my_package/build/lib/my_package
[1.607s] copying my_package/my_node.py -> /home/rohan/dev_ws/build/my_package/build/lib/my_package
[1.608s] copying my_package/__init__.py -> /home/rohan/dev_ws/build/my_package/build/lib/my_package
[1.614s] running install
[1.617s] running install_lib
[1.621s] creating /home/rohan/dev_ws/install/my_package/lib/python3.6/site-packages/my_package
[1.622s] copying /home/rohan/dev_ws/build/my_package/build/lib/my_package/my_node.py -> /home/rohan/dev_ws/install/my_package/lib/python3.6/site-packages/my_package
[1.622s] copying /home/rohan/dev_ws/build/my_package/build/lib/my_package/__init__.py -> /home/rohan/dev_ws/install/my_package/lib/python3.6/site-packages/my_package
[1.624s] byte-compiling /home/rohan/dev_ws/install/my_package/lib/python3.6/site-packages/my_package/my_node.py to my_node.cpython-36.pyc
[1.624s] byte-compiling /home/rohan/dev_ws/install/my_package/lib/python3.6/site-packages/my_package/__init__.py to __init__.cpython-36.pyc
[1.626s] running install_data
[1.627s] creating /home/rohan/dev_ws/install/my_package/share/ament_index
[1.631s] creating /home/rohan/dev_ws/install/my_package/share/ament_index/resource_index
[1.631s] creating /home/rohan/dev_ws/install/my_package/share/ament_index/resource_index/packages
[1.631s] copying resource/my_package -> /home/rohan/dev_ws/install/my_package/share/ament_index/resource_index/packages
[1.632s] copying package.xml -> /home/rohan/dev_ws/install/my_package/share/my_package
[1.632s] running install_egg_info
[1.637s] Copying /home/rohan/dev_ws/build/my_package/my_package.egg-info to /home/rohan/dev_ws/install/my_package/lib/python3.6/site-packages/my_package-0.0.0-py3.6.egg-info
[1.640s] running install_scripts
[1.702s] Installing my_node script to /home/rohan/dev_ws/install/my_package/lib/my_package
[1.704s] writing list of installed files to '/home/rohan/dev_ws/build/my_package/install.log'
[1.761s] Invoked command in '/home/rohan/dev_ws/src/my_package' returned '0': PYTHONPATH=/home/rohan/dev_ws/install/my_package/lib/python3.6/site-packages:${PYTHONPATH} /usr/bin/python3 setup.py egg_info --egg-base /home/rohan/dev_ws/build/my_package build --build-base /home/rohan/dev_ws/build/my_package/build install --prefix /home/rohan/dev_ws/install/my_package --record /home/rohan/dev_ws/build/my_package/install.log --single-version-externally-managed
