[0.023s] Invoking command in '/home/rohan/dev_ws/build/turtlesim': CMAKE_PREFIX_PATH=/opt/ros/eloquent /usr/bin/cmake /home/rohan/dev_ws/src/ros_tutorials/turtlesim -DCMAKE_INSTALL_PREFIX=/home/rohan/dev_ws/install/turtlesim
[1.546s] -- The C compiler identification is GNU 7.5.0
[2.530s] -- The CXX compiler identification is GNU 7.5.0
[2.577s] -- Check for working C compiler: /usr/bin/cc
[2.709s] -- Check for working C compiler: /usr/bin/cc -- works
[2.712s] -- Detecting C compiler ABI info
[2.821s] -- Detecting C compiler ABI info - done
[2.829s] -- Detecting C compile features
[3.198s] -- Detecting C compile features - done
[3.204s] -- Check for working CXX compiler: /usr/bin/c++
[3.330s] -- Check for working CXX compiler: /usr/bin/c++ -- works
[3.336s] -- Detecting CXX compiler ABI info
[3.449s] -- Detecting CXX compiler ABI info - done
[3.455s] -- Detecting CXX compile features
[3.952s] -- Detecting CXX compile features - done
[4.031s] -- Found ament_cmake: 0.8.2 (/opt/ros/eloquent/share/ament_cmake/cmake)
[4.103s] -- Found PythonInterp: /usr/bin/python3 (found suitable version "3.6.9", minimum required is "3") 
[4.103s] -- Using PYTHON_EXECUTABLE: /usr/bin/python3
[4.465s] -- Found ament_index_cpp: 0.7.2 (/opt/ros/eloquent/share/ament_index_cpp/cmake)
[4.484s] -- Found geometry_msgs: 0.8.1 (/opt/ros/eloquent/share/geometry_msgs/cmake)
[4.607s] -- Found rosidl_adapter: 0.8.2 (/opt/ros/eloquent/share/rosidl_adapter/cmake)
[5.013s] -- Found rclcpp: 0.8.4 (/opt/ros/eloquent/share/rclcpp/cmake)
[5.144s] -- Found rmw_implementation_cmake: 0.8.1 (/opt/ros/eloquent/share/rmw_implementation_cmake/cmake)
[5.160s] -- Using RMW implementation 'rmw_fastrtps_cpp' as default
[5.192s] -- Looking for pthread.h
[5.458s] -- Looking for pthread.h - found
[5.471s] -- Looking for pthread_create
[5.574s] -- Looking for pthread_create - not found
[5.574s] -- Looking for pthread_create in pthreads
[5.669s] -- Looking for pthread_create in pthreads - not found
[5.670s] -- Looking for pthread_create in pthread
[5.792s] -- Looking for pthread_create in pthread - found
[5.793s] -- Found Threads: TRUE  
[5.946s] -- Found rclcpp_action: 0.8.4 (/opt/ros/eloquent/share/rclcpp_action/cmake)
[6.094s] -- Found rosidl_default_generators: 0.8.0 (/opt/ros/eloquent/share/rosidl_default_generators/cmake)
[6.349s] -- Found OpenSSL: /usr/lib/x86_64-linux-gnu/libcrypto.so (found version "1.1.1") 
[6.378s] -- Found FastRTPS: /opt/ros/eloquent/include  
[6.551s] -- Found std_srvs: 0.8.1 (/opt/ros/eloquent/share/std_srvs/cmake)
[6.621s] -- Found PythonInterp: /usr/bin/python3 (found version "3.6.9") 
[7.134s] -- Using single matching rosidl_typesupport_c: rosidl_typesupport_fastrtps_c
[7.155s] -- Using single matching rosidl_typesupport_cpp: rosidl_typesupport_fastrtps_cpp
[7.364s] -- Found PythonInterp: /usr/bin/python3 (found suitable version "3.6.9", minimum required is "3.5") 
[7.377s] -- Found python_cmake_module: 0.8.0 (/opt/ros/eloquent/share/python_cmake_module/cmake)
[7.518s] -- Found PythonLibs: /usr/lib/x86_64-linux-gnu/libpython3.6m.so (found suitable version "3.6.9", minimum required is "3.5") 
[7.518s] -- Using PYTHON_EXECUTABLE: /usr/bin/python3
[7.518s] -- Using PYTHON_INCLUDE_DIRS: /usr/include/python3.6m
[7.518s] -- Using PYTHON_LIBRARIES: /usr/lib/x86_64-linux-gnu/libpython3.6m.so
[7.548s] -- Found PythonExtra: .so  
[8.304s] -- Configuring done
[10.788s] -- Generating done
[10.792s] -- Build files have been written to: /home/rohan/dev_ws/build/turtlesim
[10.802s] Invoked command in '/home/rohan/dev_ws/build/turtlesim' returned '0': CMAKE_PREFIX_PATH=/opt/ros/eloquent /usr/bin/cmake /home/rohan/dev_ws/src/ros_tutorials/turtlesim -DCMAKE_INSTALL_PREFIX=/home/rohan/dev_ws/install/turtlesim
[10.808s] Invoking command in '/home/rohan/dev_ws/build/turtlesim': CMAKE_PREFIX_PATH=/opt/ros/eloquent /usr/bin/cmake --build /home/rohan/dev_ws/build/turtlesim -- -j4 -l4
[10.878s] [  1%] [34m[1mGenerating C code for ROS interfaces[0m
[10.878s] [35m[1mScanning dependencies of target turtlesim__cpp[0m
[10.899s] [  2%] [34m[1mGenerating C++ code for ROS interfaces[0m
[12.388s] [  2%] Built target turtlesim__cpp
[12.407s] [  3%] [34m[1mGenerating C++ type support for eProsima Fast-RTPS[0m
[12.414s] [  4%] [34m[1mGenerating C++ introspection for ROS interfaces[0m
[12.795s] [35m[1mScanning dependencies of target turtlesim__rosidl_generator_c[0m
[12.915s] [  6%] [32mBuilding C object CMakeFiles/turtlesim__rosidl_generator_c.dir/rosidl_generator_c/turtlesim/msg/color__functions.c.o[0m
[12.918s] [  6%] [32mBuilding C object CMakeFiles/turtlesim__rosidl_generator_c.dir/rosidl_generator_c/turtlesim/action/rotate_absolute__functions.c.o[0m
[13.113s] [  7%] [32mBuilding C object CMakeFiles/turtlesim__rosidl_generator_c.dir/rosidl_generator_c/turtlesim/msg/pose__functions.c.o[0m
[13.201s] [  8%] [32mBuilding C object CMakeFiles/turtlesim__rosidl_generator_c.dir/rosidl_generator_c/turtlesim/srv/kill__functions.c.o[0m
[13.216s] [  9%] [32mBuilding C object CMakeFiles/turtlesim__rosidl_generator_c.dir/rosidl_generator_c/turtlesim/srv/set_pen__functions.c.o[0m
[13.311s] [ 10%] [32mBuilding C object CMakeFiles/turtlesim__rosidl_generator_c.dir/rosidl_generator_c/turtlesim/srv/spawn__functions.c.o[0m
[13.318s] [ 11%] [32mBuilding C object CMakeFiles/turtlesim__rosidl_generator_c.dir/rosidl_generator_c/turtlesim/srv/teleport_absolute__functions.c.o[0m
[13.431s] [ 12%] [32mBuilding C object CMakeFiles/turtlesim__rosidl_generator_c.dir/rosidl_generator_c/turtlesim/srv/teleport_relative__functions.c.o[0m
[13.523s] [ 13%] [32m[1mLinking C shared library libturtlesim__rosidl_generator_c.so[0m
[13.614s] [ 13%] Built target turtlesim__rosidl_generator_c
[13.645s] [ 14%] [34m[1mGenerating C introspection for ROS interfaces[0m
[13.741s] [35m[1mScanning dependencies of target turtlesim__rosidl_typesupport_introspection_cpp[0m
[13.918s] [ 15%] [32mBuilding CXX object CMakeFiles/turtlesim__rosidl_typesupport_introspection_cpp.dir/rosidl_typesupport_introspection_cpp/turtlesim/action/rotate_absolute__type_support.cpp.o[0m
[13.931s] [ 16%] [32mBuilding CXX object CMakeFiles/turtlesim__rosidl_typesupport_introspection_cpp.dir/rosidl_typesupport_introspection_cpp/turtlesim/msg/color__type_support.cpp.o[0m
[14.254s] [35m[1mScanning dependencies of target turtlesim__rosidl_typesupport_fastrtps_cpp[0m
[14.600s] [ 17%] [32mBuilding CXX object CMakeFiles/turtlesim__rosidl_typesupport_fastrtps_cpp.dir/rosidl_typesupport_fastrtps_cpp/turtlesim/action/dds_fastrtps/rotate_absolute__type_support.cpp.o[0m
[15.270s] [ 18%] [32mBuilding CXX object CMakeFiles/turtlesim__rosidl_typesupport_introspection_cpp.dir/rosidl_typesupport_introspection_cpp/turtlesim/msg/pose__type_support.cpp.o[0m
[15.367s] [ 19%] [32mBuilding CXX object CMakeFiles/turtlesim__rosidl_typesupport_introspection_cpp.dir/rosidl_typesupport_introspection_cpp/turtlesim/srv/kill__type_support.cpp.o[0m
[15.531s] [35m[1mScanning dependencies of target turtlesim__rosidl_typesupport_introspection_c[0m
[15.685s] [ 20%] [32mBuilding C object CMakeFiles/turtlesim__rosidl_typesupport_introspection_c.dir/rosidl_typesupport_introspection_c/turtlesim/action/rotate_absolute__type_support.c.o[0m
[15.994s] [ 21%] [32mBuilding C object CMakeFiles/turtlesim__rosidl_typesupport_introspection_c.dir/rosidl_typesupport_introspection_c/turtlesim/msg/color__type_support.c.o[0m
[16.027s] [ 22%] [32mBuilding C object CMakeFiles/turtlesim__rosidl_typesupport_introspection_c.dir/rosidl_typesupport_introspection_c/turtlesim/msg/pose__type_support.c.o[0m
[16.068s] [ 23%] [32mBuilding CXX object CMakeFiles/turtlesim__rosidl_typesupport_fastrtps_cpp.dir/rosidl_typesupport_fastrtps_cpp/turtlesim/msg/dds_fastrtps/color__type_support.cpp.o[0m
[16.105s] [ 24%] [32mBuilding CXX object CMakeFiles/turtlesim__rosidl_typesupport_fastrtps_cpp.dir/rosidl_typesupport_fastrtps_cpp/turtlesim/msg/dds_fastrtps/pose__type_support.cpp.o[0m
[16.109s] [ 25%] [32mBuilding C object CMakeFiles/turtlesim__rosidl_typesupport_introspection_c.dir/rosidl_typesupport_introspection_c/turtlesim/srv/kill__type_support.c.o[0m
[16.109s] [ 26%] [32mBuilding CXX object CMakeFiles/turtlesim__rosidl_typesupport_introspection_cpp.dir/rosidl_typesupport_introspection_cpp/turtlesim/srv/set_pen__type_support.cpp.o[0m
[16.194s] [ 27%] [32mBuilding C object CMakeFiles/turtlesim__rosidl_typesupport_introspection_c.dir/rosidl_typesupport_introspection_c/turtlesim/srv/set_pen__type_support.c.o[0m
[16.290s] [ 28%] [32mBuilding C object CMakeFiles/turtlesim__rosidl_typesupport_introspection_c.dir/rosidl_typesupport_introspection_c/turtlesim/srv/spawn__type_support.c.o[0m
[16.381s] [ 29%] [32mBuilding C object CMakeFiles/turtlesim__rosidl_typesupport_introspection_c.dir/rosidl_typesupport_introspection_c/turtlesim/srv/teleport_absolute__type_support.c.o[0m
[16.489s] [ 30%] [32mBuilding C object CMakeFiles/turtlesim__rosidl_typesupport_introspection_c.dir/rosidl_typesupport_introspection_c/turtlesim/srv/teleport_relative__type_support.c.o[0m
[16.721s] [ 31%] [32m[1mLinking C shared library libturtlesim__rosidl_typesupport_introspection_c.so[0m
[16.863s] [ 32%] [32mBuilding CXX object CMakeFiles/turtlesim__rosidl_typesupport_introspection_cpp.dir/rosidl_typesupport_introspection_cpp/turtlesim/srv/spawn__type_support.cpp.o[0m
[16.887s] [ 34%] [32mBuilding CXX object CMakeFiles/turtlesim__rosidl_typesupport_fastrtps_cpp.dir/rosidl_typesupport_fastrtps_cpp/turtlesim/srv/dds_fastrtps/kill__type_support.cpp.o[0m
[16.905s] [ 34%] Built target turtlesim__rosidl_typesupport_introspection_c
[16.914s] [ 35%] [32mBuilding CXX object CMakeFiles/turtlesim__rosidl_typesupport_fastrtps_cpp.dir/rosidl_typesupport_fastrtps_cpp/turtlesim/srv/dds_fastrtps/set_pen__type_support.cpp.o[0m
[16.936s] [ 36%] [32mBuilding CXX object CMakeFiles/turtlesim__rosidl_typesupport_introspection_cpp.dir/rosidl_typesupport_introspection_cpp/turtlesim/srv/teleport_absolute__type_support.cpp.o[0m
[17.206s] [ 37%] [32mBuilding CXX object CMakeFiles/turtlesim__rosidl_typesupport_fastrtps_cpp.dir/rosidl_typesupport_fastrtps_cpp/turtlesim/srv/dds_fastrtps/spawn__type_support.cpp.o[0m
[17.338s] [ 38%] [32mBuilding CXX object CMakeFiles/turtlesim__rosidl_typesupport_introspection_cpp.dir/rosidl_typesupport_introspection_cpp/turtlesim/srv/teleport_relative__type_support.cpp.o[0m
[17.443s] [ 39%] [32mBuilding CXX object CMakeFiles/turtlesim__rosidl_typesupport_fastrtps_cpp.dir/rosidl_typesupport_fastrtps_cpp/turtlesim/srv/dds_fastrtps/teleport_absolute__type_support.cpp.o[0m
[17.520s] [ 40%] [32mBuilding CXX object CMakeFiles/turtlesim__rosidl_typesupport_fastrtps_cpp.dir/rosidl_typesupport_fastrtps_cpp/turtlesim/srv/dds_fastrtps/teleport_relative__type_support.cpp.o[0m
[17.760s] [ 41%] [32m[1mLinking CXX shared library libturtlesim__rosidl_typesupport_introspection_cpp.so[0m
[17.889s] [ 41%] Built target turtlesim__rosidl_typesupport_introspection_cpp
[18.083s] [ 42%] [32m[1mLinking CXX shared library libturtlesim__rosidl_typesupport_fastrtps_cpp.so[0m
[18.295s] [ 42%] Built target turtlesim__rosidl_typesupport_fastrtps_cpp
[18.317s] [ 44%] [34m[1mGenerating C type support for eProsima Fast-RTPS[0m
[18.317s] [ 44%] [34m[1mGenerating C++ type support dispatch for ROS interfaces[0m
[19.068s] [35m[1mScanning dependencies of target turtlesim__rosidl_typesupport_cpp[0m
[19.141s] [ 45%] [32mBuilding CXX object CMakeFiles/turtlesim__rosidl_typesupport_cpp.dir/rosidl_typesupport_cpp/turtlesim/action/rotate_absolute__type_support.cpp.o[0m
[19.145s] [ 46%] [32mBuilding CXX object CMakeFiles/turtlesim__rosidl_typesupport_cpp.dir/rosidl_typesupport_cpp/turtlesim/msg/color__type_support.cpp.o[0m
[19.147s] [ 47%] [32mBuilding CXX object CMakeFiles/turtlesim__rosidl_typesupport_cpp.dir/rosidl_typesupport_cpp/turtlesim/msg/pose__type_support.cpp.o[0m
[19.796s] [35m[1mScanning dependencies of target turtlesim__rosidl_typesupport_fastrtps_c[0m
[19.797s] [ 48%] [32mBuilding CXX object CMakeFiles/turtlesim__rosidl_typesupport_cpp.dir/rosidl_typesupport_cpp/turtlesim/srv/kill__type_support.cpp.o[0m
[19.840s] [ 49%] [32mBuilding CXX object CMakeFiles/turtlesim__rosidl_typesupport_cpp.dir/rosidl_typesupport_cpp/turtlesim/srv/set_pen__type_support.cpp.o[0m
[19.868s] [ 50%] [32mBuilding CXX object CMakeFiles/turtlesim__rosidl_typesupport_cpp.dir/rosidl_typesupport_cpp/turtlesim/srv/spawn__type_support.cpp.o[0m
[20.022s] [ 51%] [32mBuilding CXX object CMakeFiles/turtlesim__rosidl_typesupport_fastrtps_c.dir/rosidl_typesupport_fastrtps_c/turtlesim/action/rotate_absolute__type_support_c.cpp.o[0m
[20.433s] [ 52%] [32mBuilding CXX object CMakeFiles/turtlesim__rosidl_typesupport_cpp.dir/rosidl_typesupport_cpp/turtlesim/srv/teleport_absolute__type_support.cpp.o[0m
[20.556s] [ 53%] [32mBuilding CXX object CMakeFiles/turtlesim__rosidl_typesupport_cpp.dir/rosidl_typesupport_cpp/turtlesim/srv/teleport_relative__type_support.cpp.o[0m
[20.611s] [ 54%] [32mBuilding CXX object CMakeFiles/turtlesim__rosidl_typesupport_fastrtps_c.dir/rosidl_typesupport_fastrtps_c/turtlesim/msg/color__type_support_c.cpp.o[0m
[20.667s] [ 55%] [32mBuilding CXX object CMakeFiles/turtlesim__rosidl_typesupport_fastrtps_c.dir/rosidl_typesupport_fastrtps_c/turtlesim/msg/pose__type_support_c.cpp.o[0m
[20.995s] [ 56%] [32mBuilding CXX object CMakeFiles/turtlesim__rosidl_typesupport_fastrtps_c.dir/rosidl_typesupport_fastrtps_c/turtlesim/srv/kill__type_support_c.cpp.o[0m
[21.073s] [ 57%] [32m[1mLinking CXX shared library libturtlesim__rosidl_typesupport_cpp.so[0m
[21.144s] [ 59%] [32mBuilding CXX object CMakeFiles/turtlesim__rosidl_typesupport_fastrtps_c.dir/rosidl_typesupport_fastrtps_c/turtlesim/srv/spawn__type_support_c.cpp.o[0m
[21.147s] [ 58%] [32mBuilding CXX object CMakeFiles/turtlesim__rosidl_typesupport_fastrtps_c.dir/rosidl_typesupport_fastrtps_c/turtlesim/srv/set_pen__type_support_c.cpp.o[0m
[21.265s] [ 59%] Built target turtlesim__rosidl_typesupport_cpp
[21.303s] [ 60%] [32mBuilding CXX object CMakeFiles/turtlesim__rosidl_typesupport_fastrtps_c.dir/rosidl_typesupport_fastrtps_c/turtlesim/srv/teleport_absolute__type_support_c.cpp.o[0m
[21.490s] [ 61%] [32mBuilding CXX object CMakeFiles/turtlesim__rosidl_typesupport_fastrtps_c.dir/rosidl_typesupport_fastrtps_c/turtlesim/srv/teleport_relative__type_support_c.cpp.o[0m
[21.897s] [ 62%] [32m[1mLinking CXX shared library libturtlesim__rosidl_typesupport_fastrtps_c.so[0m
[22.035s] [ 62%] Built target turtlesim__rosidl_typesupport_fastrtps_c
[22.056s] [ 63%] [34m[1mGenerating C type support dispatch for ROS interfaces[0m
[22.785s] [35m[1mScanning dependencies of target turtlesim__rosidl_typesupport_c[0m
[23.253s] [ 64%] [32mBuilding CXX object CMakeFiles/turtlesim__rosidl_typesupport_c.dir/rosidl_typesupport_c/turtlesim/action/rotate_absolute__type_support.cpp.o[0m
[23.260s] [ 65%] [32mBuilding CXX object CMakeFiles/turtlesim__rosidl_typesupport_c.dir/rosidl_typesupport_c/turtlesim/msg/pose__type_support.cpp.o[0m
[23.262s] [ 67%] [32mBuilding CXX object CMakeFiles/turtlesim__rosidl_typesupport_c.dir/rosidl_typesupport_c/turtlesim/msg/color__type_support.cpp.o[0m
[23.265s] [ 68%] [32mBuilding CXX object CMakeFiles/turtlesim__rosidl_typesupport_c.dir/rosidl_typesupport_c/turtlesim/srv/kill__type_support.cpp.o[0m
[23.328s] [ 70%] [32mBuilding CXX object CMakeFiles/turtlesim__rosidl_typesupport_c.dir/rosidl_typesupport_c/turtlesim/srv/teleport_absolute__type_support.cpp.o[0m
[23.329s] [ 70%] [32mBuilding CXX object CMakeFiles/turtlesim__rosidl_typesupport_c.dir/rosidl_typesupport_c/turtlesim/srv/set_pen__type_support.cpp.o[0m
[23.333s] [ 71%] [32mBuilding CXX object CMakeFiles/turtlesim__rosidl_typesupport_c.dir/rosidl_typesupport_c/turtlesim/srv/spawn__type_support.cpp.o[0m
[23.366s] [ 72%] [32mBuilding CXX object CMakeFiles/turtlesim__rosidl_typesupport_c.dir/rosidl_typesupport_c/turtlesim/srv/teleport_relative__type_support.cpp.o[0m
[23.414s] [ 73%] [32m[1mLinking CXX shared library libturtlesim__rosidl_typesupport_c.so[0m
[23.511s] [ 73%] Built target turtlesim__rosidl_typesupport_c
[23.532s] [35m[1mScanning dependencies of target turtlesim[0m
[23.551s] [ 73%] Built target turtlesim
[23.595s] [35m[1mScanning dependencies of target turtlesim__py[0m
[23.599s] [35m[1mScanning dependencies of target mimic[0m
[23.606s] [35m[1mScanning dependencies of target turtle_teleop_key[0m
[23.608s] [35m[1mScanning dependencies of target draw_square[0m
[23.623s] [ 74%] [34m[1mGenerating Python code for ROS interfaces[0m
[24.884s] [ 75%] [32mBuilding CXX object CMakeFiles/draw_square.dir/tutorials/draw_square.cpp.o[0m
[24.893s] [ 77%] [32mBuilding CXX object CMakeFiles/mimic.dir/tutorials/mimic.cpp.o[0m
[24.893s] [ 77%] [32mBuilding CXX object CMakeFiles/turtle_teleop_key.dir/tutorials/teleop_turtle_key.cpp.o[0m
[29.369s] [ 77%] Built target turtlesim__py
[29.424s] [ 78%] [34m[1mGenerating include/turtlesim/moc_turtle_frame.cpp[0m
[29.943s] [35m[1mScanning dependencies of target turtlesim_node[0m
[30.345s] [ 79%] [32mBuilding CXX object CMakeFiles/turtlesim_node.dir/src/turtlesim.cpp.o[0m
[31.406s] [ 80%] [32m[1mLinking CXX executable mimic[0m
[31.961s] [ 81%] [32m[1mLinking CXX executable turtle_teleop_key[0m
[32.285s] [ 82%] [32m[1mLinking CXX executable draw_square[0m
[32.413s] [ 82%] Built target mimic
[32.434s] [ 82%] Built target turtle_teleop_key
[32.465s] [35m[1mScanning dependencies of target turtlesim__python[0m
[32.488s] [ 83%] [32mBuilding CXX object CMakeFiles/turtlesim_node.dir/src/turtle.cpp.o[0m
[32.817s] [ 84%] [32mBuilding C object CMakeFiles/turtlesim__python.dir/rosidl_generator_py/turtlesim/action/_rotate_absolute_s.c.o[0m
[32.864s] [ 84%] Built target draw_square
[32.897s] [ 85%] [32mBuilding C object CMakeFiles/turtlesim__python.dir/rosidl_generator_py/turtlesim/msg/_color_s.c.o[0m
[33.104s] [ 86%] [32mBuilding C object CMakeFiles/turtlesim__python.dir/rosidl_generator_py/turtlesim/msg/_pose_s.c.o[0m
[33.189s] [ 87%] [32mBuilding C object CMakeFiles/turtlesim__python.dir/rosidl_generator_py/turtlesim/srv/_kill_s.c.o[0m
[33.256s] [ 88%] [32mBuilding C object CMakeFiles/turtlesim__python.dir/rosidl_generator_py/turtlesim/srv/_set_pen_s.c.o[0m
[33.358s] [ 89%] [32mBuilding C object CMakeFiles/turtlesim__python.dir/rosidl_generator_py/turtlesim/srv/_spawn_s.c.o[0m
[33.436s] [ 90%] [32mBuilding C object CMakeFiles/turtlesim__python.dir/rosidl_generator_py/turtlesim/srv/_teleport_absolute_s.c.o[0m
[33.511s] [ 91%] [32mBuilding C object CMakeFiles/turtlesim__python.dir/rosidl_generator_py/turtlesim/srv/_teleport_relative_s.c.o[0m
[33.597s] [ 92%] [32mBuilding CXX object CMakeFiles/turtlesim_node.dir/src/turtle_frame.cpp.o[0m
[33.710s] [ 93%] [32m[1mLinking CXX shared library rosidl_generator_py/turtlesim/libturtlesim__python.so[0m
[33.936s] [ 93%] Built target turtlesim__python
[33.979s] [35m[1mScanning dependencies of target turtlesim__rosidl_typesupport_fastrtps_c__pyext[0m
[34.067s] [ 94%] [32mBuilding C object CMakeFiles/turtlesim__rosidl_typesupport_fastrtps_c__pyext.dir/rosidl_generator_py/turtlesim/_turtlesim_s.ep.rosidl_typesupport_fastrtps_c.c.o[0m
[34.303s] [ 95%] [32m[1mLinking CXX shared library rosidl_generator_py/turtlesim/turtlesim_s__rosidl_typesupport_fastrtps_c.cpython-36m-x86_64-linux-gnu.so[0m
[34.456s] [ 95%] Built target turtlesim__rosidl_typesupport_fastrtps_c__pyext
[34.470s] [ 96%] [32mBuilding CXX object CMakeFiles/turtlesim_node.dir/include/turtlesim/moc_turtle_frame.cpp.o[0m
[34.499s] [35m[1mScanning dependencies of target turtlesim__rosidl_typesupport_c__pyext[0m
[34.559s] [ 97%] [32mBuilding C object CMakeFiles/turtlesim__rosidl_typesupport_c__pyext.dir/rosidl_generator_py/turtlesim/_turtlesim_s.ep.rosidl_typesupport_c.c.o[0m
[34.807s] [ 98%] [32m[1mLinking CXX shared library rosidl_generator_py/turtlesim/turtlesim_s__rosidl_typesupport_c.cpython-36m-x86_64-linux-gnu.so[0m
[34.961s] [ 98%] Built target turtlesim__rosidl_typesupport_c__pyext
[40.755s] [100%] [32m[1mLinking CXX executable turtlesim_node[0m
[44.645s] [100%] Built target turtlesim_node
[44.712s] Invoked command in '/home/rohan/dev_ws/build/turtlesim' returned '0': CMAKE_PREFIX_PATH=/opt/ros/eloquent /usr/bin/cmake --build /home/rohan/dev_ws/build/turtlesim -- -j4 -l4
[45.106s] Invoking command in '/home/rohan/dev_ws/build/turtlesim': CMAKE_PREFIX_PATH=/opt/ros/eloquent /usr/bin/cmake --build /home/rohan/dev_ws/build/turtlesim --target install -- -j4 -l4
[45.719s] [  1%] Built target turtlesim__cpp
[45.722s] [ 11%] Built target turtlesim__rosidl_generator_c
[45.768s] [ 31%] Built target turtlesim__rosidl_typesupport_introspection_c
[45.769s] [ 31%] Built target turtlesim__rosidl_typesupport_introspection_cpp
[45.780s] [ 42%] Built target turtlesim__rosidl_typesupport_fastrtps_cpp
[45.834s] [ 62%] Built target turtlesim__rosidl_typesupport_cpp
[45.834s] [ 62%] Built target turtlesim__rosidl_typesupport_fastrtps_c
[45.883s] [ 73%] Built target turtlesim__rosidl_typesupport_c
[45.925s] [ 73%] Built target turtlesim
[45.975s] [ 74%] Built target turtlesim__py
[45.982s] [ 76%] Built target mimic
[45.989s] [ 78%] Built target turtle_teleop_key
[45.995s] [ 80%] Built target draw_square
[46.046s] [ 89%] Built target turtlesim__python
[46.054s] [ 95%] Built target turtlesim_node
[46.102s] [ 97%] Built target turtlesim__rosidl_typesupport_c__pyext
[46.106s] [100%] Built target turtlesim__rosidl_typesupport_fastrtps_c__pyext
[46.140s] [36mInstall the project...[0m
[46.156s] -- Install configuration: ""
[46.157s] -- Installing: /home/rohan/dev_ws/install/turtlesim/share/ament_index/resource_index/rosidl_interfaces/turtlesim
[46.158s] -- Installing: /home/rohan/dev_ws/install/turtlesim/include/turtlesim
[46.158s] -- Installing: /home/rohan/dev_ws/install/turtlesim/include/turtlesim/srv
[46.159s] -- Installing: /home/rohan/dev_ws/install/turtlesim/include/turtlesim/srv/teleport_absolute__struct.hpp
[46.161s] -- Installing: /home/rohan/dev_ws/install/turtlesim/include/turtlesim/srv/kill.hpp
[46.161s] -- Installing: /home/rohan/dev_ws/install/turtlesim/include/turtlesim/srv/set_pen__traits.hpp
[46.162s] -- Installing: /home/rohan/dev_ws/install/turtlesim/include/turtlesim/srv/spawn__traits.hpp
[46.162s] -- Installing: /home/rohan/dev_ws/install/turtlesim/include/turtlesim/srv/set_pen.hpp
[46.163s] -- Installing: /home/rohan/dev_ws/install/turtlesim/include/turtlesim/srv/teleport_absolute.hpp
[46.164s] -- Installing: /home/rohan/dev_ws/install/turtlesim/include/turtlesim/srv/spawn__struct.hpp
[46.165s] -- Installing: /home/rohan/dev_ws/install/turtlesim/include/turtlesim/srv/kill__struct.hpp
[46.167s] -- Installing: /home/rohan/dev_ws/install/turtlesim/include/turtlesim/srv/teleport_relative__traits.hpp
[46.168s] -- Installing: /home/rohan/dev_ws/install/turtlesim/include/turtlesim/srv/kill__traits.hpp
[46.168s] -- Installing: /home/rohan/dev_ws/install/turtlesim/include/turtlesim/srv/teleport_absolute__traits.hpp
[46.169s] -- Installing: /home/rohan/dev_ws/install/turtlesim/include/turtlesim/srv/teleport_relative__struct.hpp
[46.169s] -- Installing: /home/rohan/dev_ws/install/turtlesim/include/turtlesim/srv/set_pen__struct.hpp
[46.170s] -- Installing: /home/rohan/dev_ws/install/turtlesim/include/turtlesim/srv/spawn.hpp
[46.170s] -- Installing: /home/rohan/dev_ws/install/turtlesim/include/turtlesim/srv/teleport_relative.hpp
[46.171s] -- Installing: /home/rohan/dev_ws/install/turtlesim/include/turtlesim/action
[46.171s] -- Installing: /home/rohan/dev_ws/install/turtlesim/include/turtlesim/action/rotate_absolute.hpp
[46.171s] -- Installing: /home/rohan/dev_ws/install/turtlesim/include/turtlesim/action/rotate_absolute__struct.hpp
[46.172s] -- Installing: /home/rohan/dev_ws/install/turtlesim/include/turtlesim/action/rotate_absolute__traits.hpp
[46.173s] -- Installing: /home/rohan/dev_ws/install/turtlesim/include/turtlesim/msg
[46.174s] -- Installing: /home/rohan/dev_ws/install/turtlesim/include/turtlesim/msg/color__struct.hpp
[46.175s] -- Installing: /home/rohan/dev_ws/install/turtlesim/include/turtlesim/msg/color.hpp
[46.175s] -- Installing: /home/rohan/dev_ws/install/turtlesim/include/turtlesim/msg/pose__traits.hpp
[46.175s] -- Installing: /home/rohan/dev_ws/install/turtlesim/include/turtlesim/msg/pose.hpp
[46.176s] -- Installing: /home/rohan/dev_ws/install/turtlesim/include/turtlesim/msg/pose__struct.hpp
[46.176s] -- Installing: /home/rohan/dev_ws/install/turtlesim/include/turtlesim/msg/color__traits.hpp
[46.176s] -- Up-to-date: /home/rohan/dev_ws/install/turtlesim/include/turtlesim
[46.176s] -- Up-to-date: /home/rohan/dev_ws/install/turtlesim/include/turtlesim/srv
[46.176s] -- Installing: /home/rohan/dev_ws/install/turtlesim/include/turtlesim/srv/set_pen__functions.c
[46.177s] -- Installing: /home/rohan/dev_ws/install/turtlesim/include/turtlesim/srv/set_pen__functions.h
[46.177s] -- Installing: /home/rohan/dev_ws/install/turtlesim/include/turtlesim/srv/teleport_absolute__type_support.h
[46.177s] -- Installing: /home/rohan/dev_ws/install/turtlesim/include/turtlesim/srv/kill__functions.h
[46.177s] -- Installing: /home/rohan/dev_ws/install/turtlesim/include/turtlesim/srv/teleport_relative__functions.c
[46.178s] -- Installing: /home/rohan/dev_ws/install/turtlesim/include/turtlesim/srv/kill__functions.c
[46.178s] -- Installing: /home/rohan/dev_ws/install/turtlesim/include/turtlesim/srv/teleport_absolute__struct.h
[46.178s] -- Installing: /home/rohan/dev_ws/install/turtlesim/include/turtlesim/srv/spawn__functions.c
[46.178s] -- Installing: /home/rohan/dev_ws/install/turtlesim/include/turtlesim/srv/kill__struct.h
[46.178s] -- Installing: /home/rohan/dev_ws/install/turtlesim/include/turtlesim/srv/set_pen.h
[46.178s] -- Installing: /home/rohan/dev_ws/install/turtlesim/include/turtlesim/srv/set_pen__type_support.h
[46.179s] -- Installing: /home/rohan/dev_ws/install/turtlesim/include/turtlesim/srv/set_pen__struct.h
[46.179s] -- Installing: /home/rohan/dev_ws/install/turtlesim/include/turtlesim/srv/teleport_absolute.h
[46.179s] -- Installing: /home/rohan/dev_ws/install/turtlesim/include/turtlesim/srv/teleport_relative.h
[46.179s] -- Installing: /home/rohan/dev_ws/install/turtlesim/include/turtlesim/srv/teleport_absolute__functions.h
[46.179s] -- Installing: /home/rohan/dev_ws/install/turtlesim/include/turtlesim/srv/spawn__struct.h
[46.180s] -- Installing: /home/rohan/dev_ws/install/turtlesim/include/turtlesim/srv/spawn__type_support.h
[46.180s] -- Installing: /home/rohan/dev_ws/install/turtlesim/include/turtlesim/srv/teleport_relative__type_support.h
[46.180s] -- Installing: /home/rohan/dev_ws/install/turtlesim/include/turtlesim/srv/teleport_absolute__functions.c
[46.180s] -- Installing: /home/rohan/dev_ws/install/turtlesim/include/turtlesim/srv/kill__type_support.h
[46.181s] -- Installing: /home/rohan/dev_ws/install/turtlesim/include/turtlesim/srv/spawn.h
[46.181s] -- Installing: /home/rohan/dev_ws/install/turtlesim/include/turtlesim/srv/teleport_relative__functions.h
[46.181s] -- Installing: /home/rohan/dev_ws/install/turtlesim/include/turtlesim/srv/teleport_relative__struct.h
[46.181s] -- Installing: /home/rohan/dev_ws/install/turtlesim/include/turtlesim/srv/kill.h
[46.181s] -- Installing: /home/rohan/dev_ws/install/turtlesim/include/turtlesim/srv/spawn__functions.h
[46.181s] -- Up-to-date: /home/rohan/dev_ws/install/turtlesim/include/turtlesim/action
[46.181s] -- Installing: /home/rohan/dev_ws/install/turtlesim/include/turtlesim/action/rotate_absolute.h
[46.182s] -- Installing: /home/rohan/dev_ws/install/turtlesim/include/turtlesim/action/rotate_absolute__functions.c
[46.182s] -- Installing: /home/rohan/dev_ws/install/turtlesim/include/turtlesim/action/rotate_absolute__functions.h
[46.182s] -- Installing: /home/rohan/dev_ws/install/turtlesim/include/turtlesim/action/rotate_absolute__type_support.h
[46.182s] -- Installing: /home/rohan/dev_ws/install/turtlesim/include/turtlesim/action/rotate_absolute__struct.h
[46.182s] -- Up-to-date: /home/rohan/dev_ws/install/turtlesim/include/turtlesim/msg
[46.183s] -- Installing: /home/rohan/dev_ws/install/turtlesim/include/turtlesim/msg/color.h
[46.183s] -- Installing: /home/rohan/dev_ws/install/turtlesim/include/turtlesim/msg/color__type_support.h
[46.183s] -- Installing: /home/rohan/dev_ws/install/turtlesim/include/turtlesim/msg/pose__struct.h
[46.183s] -- Installing: /home/rohan/dev_ws/install/turtlesim/include/turtlesim/msg/color__functions.c
[46.183s] -- Installing: /home/rohan/dev_ws/install/turtlesim/include/turtlesim/msg/rosidl_generator_c__visibility_control.h
[46.183s] -- Installing: /home/rohan/dev_ws/install/turtlesim/include/turtlesim/msg/color__functions.h
[46.183s] -- Installing: /home/rohan/dev_ws/install/turtlesim/include/turtlesim/msg/color__struct.h
[46.183s] -- Installing: /home/rohan/dev_ws/install/turtlesim/include/turtlesim/msg/pose__functions.c
[46.183s] -- Installing: /home/rohan/dev_ws/install/turtlesim/include/turtlesim/msg/pose__functions.h
[46.183s] -- Installing: /home/rohan/dev_ws/install/turtlesim/include/turtlesim/msg/pose__type_support.h
[46.184s] -- Installing: /home/rohan/dev_ws/install/turtlesim/include/turtlesim/msg/pose.h
[46.184s] -- Installing: /home/rohan/dev_ws/install/turtlesim/share/turtlesim/environment/library_path.sh
[46.184s] -- Installing: /home/rohan/dev_ws/install/turtlesim/share/turtlesim/environment/library_path.dsv
[46.184s] -- Installing: /home/rohan/dev_ws/install/turtlesim/lib/libturtlesim__rosidl_generator_c.so
[46.184s] -- Set runtime path of "/home/rohan/dev_ws/install/turtlesim/lib/libturtlesim__rosidl_generator_c.so" to ""
[46.184s] -- Installing: /home/rohan/dev_ws/install/turtlesim/lib/libturtlesim__rosidl_typesupport_c.so
[46.184s] -- Set runtime path of "/home/rohan/dev_ws/install/turtlesim/lib/libturtlesim__rosidl_typesupport_c.so" to ""
[46.184s] -- Installing: /home/rohan/dev_ws/install/turtlesim/lib/libturtlesim__rosidl_typesupport_cpp.so
[46.185s] -- Set runtime path of "/home/rohan/dev_ws/install/turtlesim/lib/libturtlesim__rosidl_typesupport_cpp.so" to ""
[46.185s] -- Up-to-date: /home/rohan/dev_ws/install/turtlesim/include/turtlesim
[46.185s] -- Up-to-date: /home/rohan/dev_ws/install/turtlesim/include/turtlesim/srv
[46.185s] -- Installing: /home/rohan/dev_ws/install/turtlesim/include/turtlesim/srv/teleport_absolute__rosidl_typesupport_introspection_c.h
[46.186s] -- Installing: /home/rohan/dev_ws/install/turtlesim/include/turtlesim/srv/kill__rosidl_typesupport_introspection_c.h
[46.186s] -- Installing: /home/rohan/dev_ws/install/turtlesim/include/turtlesim/srv/spawn__type_support.c
[46.187s] -- Installing: /home/rohan/dev_ws/install/turtlesim/include/turtlesim/srv/set_pen__type_support.c
[46.187s] -- Installing: /home/rohan/dev_ws/install/turtlesim/include/turtlesim/srv/teleport_relative__type_support.c
[46.187s] -- Installing: /home/rohan/dev_ws/install/turtlesim/include/turtlesim/srv/set_pen__rosidl_typesupport_introspection_c.h
[46.187s] -- Installing: /home/rohan/dev_ws/install/turtlesim/include/turtlesim/srv/spawn__rosidl_typesupport_introspection_c.h
[46.187s] -- Installing: /home/rohan/dev_ws/install/turtlesim/include/turtlesim/srv/teleport_relative__rosidl_typesupport_introspection_c.h
[46.187s] -- Installing: /home/rohan/dev_ws/install/turtlesim/include/turtlesim/srv/teleport_absolute__type_support.c
[46.187s] -- Installing: /home/rohan/dev_ws/install/turtlesim/include/turtlesim/srv/kill__type_support.c
[46.188s] -- Up-to-date: /home/rohan/dev_ws/install/turtlesim/include/turtlesim/action
[46.188s] -- Installing: /home/rohan/dev_ws/install/turtlesim/include/turtlesim/action/rotate_absolute__type_support.c
[46.189s] -- Installing: /home/rohan/dev_ws/install/turtlesim/include/turtlesim/action/rotate_absolute__rosidl_typesupport_introspection_c.h
[46.189s] -- Up-to-date: /home/rohan/dev_ws/install/turtlesim/include/turtlesim/msg
[46.190s] -- Installing: /home/rohan/dev_ws/install/turtlesim/include/turtlesim/msg/rosidl_typesupport_introspection_c__visibility_control.h
[46.190s] -- Installing: /home/rohan/dev_ws/install/turtlesim/include/turtlesim/msg/pose__type_support.c
[46.190s] -- Installing: /home/rohan/dev_ws/install/turtlesim/include/turtlesim/msg/pose__rosidl_typesupport_introspection_c.h
[46.191s] -- Installing: /home/rohan/dev_ws/install/turtlesim/include/turtlesim/msg/color__type_support.c
[46.191s] -- Installing: /home/rohan/dev_ws/install/turtlesim/include/turtlesim/msg/color__rosidl_typesupport_introspection_c.h
[46.191s] -- Installing: /home/rohan/dev_ws/install/turtlesim/lib/libturtlesim__rosidl_typesupport_introspection_c.so
[46.191s] -- Set runtime path of "/home/rohan/dev_ws/install/turtlesim/lib/libturtlesim__rosidl_typesupport_introspection_c.so" to ""
[46.191s] -- Up-to-date: /home/rohan/dev_ws/install/turtlesim/include/turtlesim
[46.191s] -- Up-to-date: /home/rohan/dev_ws/install/turtlesim/include/turtlesim/srv
[46.191s] -- Installing: /home/rohan/dev_ws/install/turtlesim/include/turtlesim/srv/spawn__type_support.cpp
[46.191s] -- Installing: /home/rohan/dev_ws/install/turtlesim/include/turtlesim/srv/teleport_relative__type_support.cpp
[46.192s] -- Installing: /home/rohan/dev_ws/install/turtlesim/include/turtlesim/srv/set_pen__rosidl_typesupport_introspection_cpp.hpp
[46.192s] -- Installing: /home/rohan/dev_ws/install/turtlesim/include/turtlesim/srv/spawn__rosidl_typesupport_introspection_cpp.hpp
[46.192s] -- Installing: /home/rohan/dev_ws/install/turtlesim/include/turtlesim/srv/teleport_absolute__rosidl_typesupport_introspection_cpp.hpp
[46.192s] -- Installing: /home/rohan/dev_ws/install/turtlesim/include/turtlesim/srv/kill__type_support.cpp
[46.192s] -- Installing: /home/rohan/dev_ws/install/turtlesim/include/turtlesim/srv/teleport_relative__rosidl_typesupport_introspection_cpp.hpp
[46.193s] -- Installing: /home/rohan/dev_ws/install/turtlesim/include/turtlesim/srv/set_pen__type_support.cpp
[46.193s] -- Installing: /home/rohan/dev_ws/install/turtlesim/include/turtlesim/srv/teleport_absolute__type_support.cpp
[46.193s] -- Installing: /home/rohan/dev_ws/install/turtlesim/include/turtlesim/srv/kill__rosidl_typesupport_introspection_cpp.hpp
[46.193s] -- Up-to-date: /home/rohan/dev_ws/install/turtlesim/include/turtlesim/action
[46.193s] -- Installing: /home/rohan/dev_ws/install/turtlesim/include/turtlesim/action/rotate_absolute__rosidl_typesupport_introspection_cpp.hpp
[46.193s] -- Installing: /home/rohan/dev_ws/install/turtlesim/include/turtlesim/action/rotate_absolute__type_support.cpp
[46.193s] -- Up-to-date: /home/rohan/dev_ws/install/turtlesim/include/turtlesim/msg
[46.193s] -- Installing: /home/rohan/dev_ws/install/turtlesim/include/turtlesim/msg/pose__type_support.cpp
[46.193s] -- Installing: /home/rohan/dev_ws/install/turtlesim/include/turtlesim/msg/color__rosidl_typesupport_introspection_cpp.hpp
[46.194s] -- Installing: /home/rohan/dev_ws/install/turtlesim/include/turtlesim/msg/pose__rosidl_typesupport_introspection_cpp.hpp
[46.194s] -- Installing: /home/rohan/dev_ws/install/turtlesim/include/turtlesim/msg/color__type_support.cpp
[46.194s] -- Installing: /home/rohan/dev_ws/install/turtlesim/lib/libturtlesim__rosidl_typesupport_introspection_cpp.so
[46.194s] -- Set runtime path of "/home/rohan/dev_ws/install/turtlesim/lib/libturtlesim__rosidl_typesupport_introspection_cpp.so" to ""
[46.194s] -- Up-to-date: /home/rohan/dev_ws/install/turtlesim/include/turtlesim
[46.195s] -- Up-to-date: /home/rohan/dev_ws/install/turtlesim/include/turtlesim/srv
[46.195s] -- Installing: /home/rohan/dev_ws/install/turtlesim/include/turtlesim/srv/spawn__rosidl_typesupport_fastrtps_c.h
[46.195s] -- Installing: /home/rohan/dev_ws/install/turtlesim/include/turtlesim/srv/teleport_relative__rosidl_typesupport_fastrtps_c.h
[46.195s] -- Installing: /home/rohan/dev_ws/install/turtlesim/include/turtlesim/srv/kill__rosidl_typesupport_fastrtps_c.h
[46.195s] -- Installing: /home/rohan/dev_ws/install/turtlesim/include/turtlesim/srv/set_pen__rosidl_typesupport_fastrtps_c.h
[46.195s] -- Installing: /home/rohan/dev_ws/install/turtlesim/include/turtlesim/srv/teleport_absolute__rosidl_typesupport_fastrtps_c.h
[46.195s] -- Up-to-date: /home/rohan/dev_ws/install/turtlesim/include/turtlesim/action
[46.195s] -- Installing: /home/rohan/dev_ws/install/turtlesim/include/turtlesim/action/rotate_absolute__rosidl_typesupport_fastrtps_c.h
[46.195s] -- Up-to-date: /home/rohan/dev_ws/install/turtlesim/include/turtlesim/msg
[46.196s] -- Installing: /home/rohan/dev_ws/install/turtlesim/include/turtlesim/msg/rosidl_typesupport_fastrtps_c__visibility_control.h
[46.196s] -- Installing: /home/rohan/dev_ws/install/turtlesim/include/turtlesim/msg/pose__rosidl_typesupport_fastrtps_c.h
[46.196s] -- Installing: /home/rohan/dev_ws/install/turtlesim/include/turtlesim/msg/color__rosidl_typesupport_fastrtps_c.h
[46.196s] -- Installing: /home/rohan/dev_ws/install/turtlesim/lib/libturtlesim__rosidl_typesupport_fastrtps_c.so
[46.196s] -- Set runtime path of "/home/rohan/dev_ws/install/turtlesim/lib/libturtlesim__rosidl_typesupport_fastrtps_c.so" to ""
[46.196s] -- Up-to-date: /home/rohan/dev_ws/install/turtlesim/include/turtlesim
[46.196s] -- Up-to-date: /home/rohan/dev_ws/install/turtlesim/include/turtlesim/srv
[46.196s] -- Installing: /home/rohan/dev_ws/install/turtlesim/include/turtlesim/srv/teleport_relative__rosidl_typesupport_fastrtps_cpp.hpp
[46.196s] -- Installing: /home/rohan/dev_ws/install/turtlesim/include/turtlesim/srv/spawn__rosidl_typesupport_fastrtps_cpp.hpp
[46.197s] -- Installing: /home/rohan/dev_ws/install/turtlesim/include/turtlesim/srv/kill__rosidl_typesupport_fastrtps_cpp.hpp
[46.197s] -- Installing: /home/rohan/dev_ws/install/turtlesim/include/turtlesim/srv/dds_fastrtps
[46.197s] -- Installing: /home/rohan/dev_ws/install/turtlesim/include/turtlesim/srv/teleport_absolute__rosidl_typesupport_fastrtps_cpp.hpp
[46.197s] -- Installing: /home/rohan/dev_ws/install/turtlesim/include/turtlesim/srv/set_pen__rosidl_typesupport_fastrtps_cpp.hpp
[46.197s] -- Up-to-date: /home/rohan/dev_ws/install/turtlesim/include/turtlesim/action
[46.197s] -- Installing: /home/rohan/dev_ws/install/turtlesim/include/turtlesim/action/rotate_absolute__rosidl_typesupport_fastrtps_cpp.hpp
[46.197s] -- Installing: /home/rohan/dev_ws/install/turtlesim/include/turtlesim/action/dds_fastrtps
[46.197s] -- Up-to-date: /home/rohan/dev_ws/install/turtlesim/include/turtlesim/msg
[46.197s] -- Installing: /home/rohan/dev_ws/install/turtlesim/include/turtlesim/msg/color__rosidl_typesupport_fastrtps_cpp.hpp
[46.197s] -- Installing: /home/rohan/dev_ws/install/turtlesim/include/turtlesim/msg/rosidl_typesupport_fastrtps_cpp__visibility_control.h
[46.197s] -- Installing: /home/rohan/dev_ws/install/turtlesim/include/turtlesim/msg/pose__rosidl_typesupport_fastrtps_cpp.hpp
[46.198s] -- Installing: /home/rohan/dev_ws/install/turtlesim/include/turtlesim/msg/dds_fastrtps
[46.198s] -- Installing: /home/rohan/dev_ws/install/turtlesim/lib/libturtlesim__rosidl_typesupport_fastrtps_cpp.so
[46.198s] -- Set runtime path of "/home/rohan/dev_ws/install/turtlesim/lib/libturtlesim__rosidl_typesupport_fastrtps_cpp.so" to ""
[46.198s] -- Installing: /home/rohan/dev_ws/install/turtlesim/share/turtlesim/environment/pythonpath.sh
[46.198s] -- Installing: /home/rohan/dev_ws/install/turtlesim/share/turtlesim/environment/pythonpath.dsv
[46.198s] -- Installing: /home/rohan/dev_ws/install/turtlesim/lib/python3.6/site-packages/turtlesim/__init__.py
[50.108s] Compiling '/home/rohan/dev_ws/install/turtlesim/lib/python3.6/site-packages/turtlesim/__init__.py'...
[50.114s] -- Installing: /home/rohan/dev_ws/install/turtlesim/lib/python3.6/site-packages/turtlesim/action
[50.114s] -- Installing: /home/rohan/dev_ws/install/turtlesim/lib/python3.6/site-packages/turtlesim/action/__init__.py
[50.114s] -- Installing: /home/rohan/dev_ws/install/turtlesim/lib/python3.6/site-packages/turtlesim/action/_rotate_absolute_s.c
[50.115s] -- Installing: /home/rohan/dev_ws/install/turtlesim/lib/python3.6/site-packages/turtlesim/action/_rotate_absolute.py
[50.115s] -- Installing: /home/rohan/dev_ws/install/turtlesim/lib/python3.6/site-packages/turtlesim/msg
[50.116s] -- Installing: /home/rohan/dev_ws/install/turtlesim/lib/python3.6/site-packages/turtlesim/msg/_color.py
[50.116s] -- Installing: /home/rohan/dev_ws/install/turtlesim/lib/python3.6/site-packages/turtlesim/msg/_color_s.c
[50.116s] -- Installing: /home/rohan/dev_ws/install/turtlesim/lib/python3.6/site-packages/turtlesim/msg/__init__.py
[50.116s] -- Installing: /home/rohan/dev_ws/install/turtlesim/lib/python3.6/site-packages/turtlesim/msg/_pose.py
[50.117s] -- Installing: /home/rohan/dev_ws/install/turtlesim/lib/python3.6/site-packages/turtlesim/msg/_pose_s.c
[50.117s] -- Installing: /home/rohan/dev_ws/install/turtlesim/lib/python3.6/site-packages/turtlesim/srv
[50.117s] -- Installing: /home/rohan/dev_ws/install/turtlesim/lib/python3.6/site-packages/turtlesim/srv/_set_pen.py
[50.118s] -- Installing: /home/rohan/dev_ws/install/turtlesim/lib/python3.6/site-packages/turtlesim/srv/_teleport_relative.py
[50.118s] -- Installing: /home/rohan/dev_ws/install/turtlesim/lib/python3.6/site-packages/turtlesim/srv/_set_pen_s.c
[50.119s] -- Installing: /home/rohan/dev_ws/install/turtlesim/lib/python3.6/site-packages/turtlesim/srv/_teleport_absolute.py
[50.119s] -- Installing: /home/rohan/dev_ws/install/turtlesim/lib/python3.6/site-packages/turtlesim/srv/_spawn.py
[50.119s] -- Installing: /home/rohan/dev_ws/install/turtlesim/lib/python3.6/site-packages/turtlesim/srv/__init__.py
[50.119s] -- Installing: /home/rohan/dev_ws/install/turtlesim/lib/python3.6/site-packages/turtlesim/srv/_kill_s.c
[50.119s] -- Installing: /home/rohan/dev_ws/install/turtlesim/lib/python3.6/site-packages/turtlesim/srv/_teleport_absolute_s.c
[50.120s] -- Installing: /home/rohan/dev_ws/install/turtlesim/lib/python3.6/site-packages/turtlesim/srv/_spawn_s.c
[50.120s] -- Installing: /home/rohan/dev_ws/install/turtlesim/lib/python3.6/site-packages/turtlesim/srv/_kill.py
[50.120s] -- Installing: /home/rohan/dev_ws/install/turtlesim/lib/python3.6/site-packages/turtlesim/srv/_teleport_relative_s.c
[50.120s] -- Installing: /home/rohan/dev_ws/install/turtlesim/lib/python3.6/site-packages/turtlesim/turtlesim_s__rosidl_typesupport_c.cpython-36m-x86_64-linux-gnu.so
[50.121s] -- Set runtime path of "/home/rohan/dev_ws/install/turtlesim/lib/python3.6/site-packages/turtlesim/turtlesim_s__rosidl_typesupport_c.cpython-36m-x86_64-linux-gnu.so" to ""
[50.121s] -- Installing: /home/rohan/dev_ws/install/turtlesim/lib/python3.6/site-packages/turtlesim/turtlesim_s__rosidl_typesupport_fastrtps_c.cpython-36m-x86_64-linux-gnu.so
[50.122s] -- Set runtime path of "/home/rohan/dev_ws/install/turtlesim/lib/python3.6/site-packages/turtlesim/turtlesim_s__rosidl_typesupport_fastrtps_c.cpython-36m-x86_64-linux-gnu.so" to ""
[50.122s] -- Installing: /home/rohan/dev_ws/install/turtlesim/lib/libturtlesim__python.so
[50.123s] -- Set runtime path of "/home/rohan/dev_ws/install/turtlesim/lib/libturtlesim__python.so" to ""
[50.123s] -- Installing: /home/rohan/dev_ws/install/turtlesim/share/turtlesim/action/RotateAbsolute.idl
[50.123s] -- Installing: /home/rohan/dev_ws/install/turtlesim/share/turtlesim/msg/Color.idl
[50.123s] -- Installing: /home/rohan/dev_ws/install/turtlesim/share/turtlesim/msg/Pose.idl
[50.123s] -- Installing: /home/rohan/dev_ws/install/turtlesim/share/turtlesim/srv/Kill.idl
[50.124s] -- Installing: /home/rohan/dev_ws/install/turtlesim/share/turtlesim/srv/SetPen.idl
[50.124s] -- Installing: /home/rohan/dev_ws/install/turtlesim/share/turtlesim/srv/Spawn.idl
[50.124s] -- Installing: /home/rohan/dev_ws/install/turtlesim/share/turtlesim/srv/TeleportAbsolute.idl
[50.124s] -- Installing: /home/rohan/dev_ws/install/turtlesim/share/turtlesim/srv/TeleportRelative.idl
[50.125s] -- Installing: /home/rohan/dev_ws/install/turtlesim/share/turtlesim/action/RotateAbsolute.action
[50.125s] -- Installing: /home/rohan/dev_ws/install/turtlesim/share/turtlesim/msg/Color.msg
[50.125s] -- Installing: /home/rohan/dev_ws/install/turtlesim/share/turtlesim/msg/Pose.msg
[50.125s] -- Installing: /home/rohan/dev_ws/install/turtlesim/share/turtlesim/srv/Kill.srv
[50.125s] -- Installing: /home/rohan/dev_ws/install/turtlesim/share/turtlesim/srv/Kill_Request.msg
[50.126s] -- Installing: /home/rohan/dev_ws/install/turtlesim/share/turtlesim/srv/Kill_Response.msg
[50.126s] -- Installing: /home/rohan/dev_ws/install/turtlesim/share/turtlesim/srv/SetPen.srv
[50.126s] -- Installing: /home/rohan/dev_ws/install/turtlesim/share/turtlesim/srv/SetPen_Request.msg
[50.127s] -- Installing: /home/rohan/dev_ws/install/turtlesim/share/turtlesim/srv/SetPen_Response.msg
[50.127s] -- Installing: /home/rohan/dev_ws/install/turtlesim/share/turtlesim/srv/Spawn.srv
[50.128s] -- Installing: /home/rohan/dev_ws/install/turtlesim/share/turtlesim/srv/Spawn_Request.msg
[50.128s] -- Installing: /home/rohan/dev_ws/install/turtlesim/share/turtlesim/srv/Spawn_Response.msg
[50.129s] -- Installing: /home/rohan/dev_ws/install/turtlesim/share/turtlesim/srv/TeleportAbsolute.srv
[50.129s] -- Installing: /home/rohan/dev_ws/install/turtlesim/share/turtlesim/srv/TeleportAbsolute_Request.msg
[50.130s] -- Installing: /home/rohan/dev_ws/install/turtlesim/share/turtlesim/srv/TeleportAbsolute_Response.msg
[50.130s] -- Installing: /home/rohan/dev_ws/install/turtlesim/share/turtlesim/srv/TeleportRelative.srv
[50.130s] -- Installing: /home/rohan/dev_ws/install/turtlesim/share/turtlesim/srv/TeleportRelative_Request.msg
[50.131s] -- Installing: /home/rohan/dev_ws/install/turtlesim/share/turtlesim/srv/TeleportRelative_Response.msg
[50.132s] -- Installing: /home/rohan/dev_ws/install/turtlesim/lib/turtlesim/turtlesim_node
[50.136s] -- Set runtime path of "/home/rohan/dev_ws/install/turtlesim/lib/turtlesim/turtlesim_node" to ""
[50.136s] -- Installing: /home/rohan/dev_ws/install/turtlesim/lib/turtlesim/turtle_teleop_key
[50.138s] -- Set runtime path of "/home/rohan/dev_ws/install/turtlesim/lib/turtlesim/turtle_teleop_key" to ""
[50.139s] -- Installing: /home/rohan/dev_ws/install/turtlesim/lib/turtlesim/draw_square
[50.140s] -- Set runtime path of "/home/rohan/dev_ws/install/turtlesim/lib/turtlesim/draw_square" to ""
[50.140s] -- Installing: /home/rohan/dev_ws/install/turtlesim/lib/turtlesim/mimic
[50.142s] -- Set runtime path of "/home/rohan/dev_ws/install/turtlesim/lib/turtlesim/mimic" to ""
[50.143s] -- Installing: /home/rohan/dev_ws/install/turtlesim/share/turtlesim/images
[50.143s] -- Installing: /home/rohan/dev_ws/install/turtlesim/share/turtlesim/images/crystal.png
[50.165s] -- Installing: /home/rohan/dev_ws/install/turtlesim/share/turtlesim/images/bouncy.png
[50.207s] -- Installing: /home/rohan/dev_ws/install/turtlesim/share/turtlesim/images/ardent.png
[50.209s] -- Installing: /home/rohan/dev_ws/install/turtlesim/share/turtlesim/images/dashing.png
[50.263s] -- Installing: /home/rohan/dev_ws/install/turtlesim/share/turtlesim/images/eloquent.png
[50.266s] -- Installing: /home/rohan/dev_ws/install/turtlesim/share/turtlesim/launch
[50.266s] -- Installing: /home/rohan/dev_ws/install/turtlesim/share/turtlesim/launch/multisim.launch.py
[50.311s] -- Installing: /home/rohan/dev_ws/install/turtlesim/share/ament_index/resource_index/package_run_dependencies/turtlesim
[50.312s] -- Installing: /home/rohan/dev_ws/install/turtlesim/share/ament_index/resource_index/parent_prefix_path/turtlesim
[50.313s] -- Installing: /home/rohan/dev_ws/install/turtlesim/share/turtlesim/environment/ament_prefix_path.sh
[50.313s] -- Installing: /home/rohan/dev_ws/install/turtlesim/share/turtlesim/environment/ament_prefix_path.dsv
[50.314s] -- Installing: /home/rohan/dev_ws/install/turtlesim/share/turtlesim/environment/path.sh
[50.314s] -- Installing: /home/rohan/dev_ws/install/turtlesim/share/turtlesim/environment/path.dsv
[50.315s] -- Installing: /home/rohan/dev_ws/install/turtlesim/share/turtlesim/local_setup.bash
[50.315s] -- Installing: /home/rohan/dev_ws/install/turtlesim/share/turtlesim/local_setup.sh
[50.316s] -- Installing: /home/rohan/dev_ws/install/turtlesim/share/turtlesim/local_setup.zsh
[50.317s] -- Installing: /home/rohan/dev_ws/install/turtlesim/share/turtlesim/local_setup.dsv
[50.317s] -- Installing: /home/rohan/dev_ws/install/turtlesim/share/turtlesim/package.dsv
[50.318s] -- Installing: /home/rohan/dev_ws/install/turtlesim/share/ament_index/resource_index/packages/turtlesim
[50.318s] -- Installing: /home/rohan/dev_ws/install/turtlesim/share/turtlesim/cmake/rosidl_cmake-extras.cmake
[50.318s] -- Installing: /home/rohan/dev_ws/install/turtlesim/share/turtlesim/cmake/ament_cmake_export_dependencies-extras.cmake
[50.319s] -- Installing: /home/rohan/dev_ws/install/turtlesim/share/turtlesim/cmake/ament_cmake_export_include_directories-extras.cmake
[50.320s] -- Installing: /home/rohan/dev_ws/install/turtlesim/share/turtlesim/cmake/ament_cmake_export_libraries-extras.cmake
[50.320s] -- Installing: /home/rohan/dev_ws/install/turtlesim/share/turtlesim/cmake/turtlesimConfig.cmake
[50.321s] -- Installing: /home/rohan/dev_ws/install/turtlesim/share/turtlesim/cmake/turtlesimConfig-version.cmake
[50.321s] -- Installing: /home/rohan/dev_ws/install/turtlesim/share/turtlesim/package.xml
[50.328s] Invoked command in '/home/rohan/dev_ws/build/turtlesim' returned '0': CMAKE_PREFIX_PATH=/opt/ros/eloquent /usr/bin/cmake --build /home/rohan/dev_ws/build/turtlesim --target install -- -j4 -l4
